2021-01-19 11:37:54 -Starting BootdoApplication on WINDOWS-C9LU1JA with PID 9472 (E:\AIJIU\aijiu-manager\target\classes started by EDZ in E:\AIJIU\aijiu-manager)
2021-01-19 11:37:54 -The following profiles are active: dev
2021-01-19 11:37:54 -HV000001: Hibernate Validator 5.3.6.Final
2021-01-19 11:37:54 -Refreshing org.springframework.boot.context.embedded.AnnotationConfigEmbeddedWebApplicationContext@4efac082: startup date [Tue Jan 19 11:37:54 CST 2021]; root of context hierarchy
2021-01-19 11:37:57 -Multiple Spring Data modules found, entering strict repository configuration mode!
2021-01-19 11:37:57 -Bean 'org.springframework.transaction.annotation.ProxyTransactionManagementConfiguration' of type [org.springframework.transaction.annotation.ProxyTransactionManagementConfiguration$$EnhancerBySpringCGLIB$$47304ac2] is not eligible for getting processed by all BeanPostProcessors (for example: not eligible for auto-proxying)
2021-01-19 11:37:57 -Bean 'shiroConfig' of type [com.aijiu.system.config.ShiroConfig$$EnhancerBySpringCGLIB$$e66079c0] is not eligible for getting processed by all BeanPostProcessors (for example: not eligible for auto-proxying)
2021-01-19 11:37:58 -Bean 'userRealm' of type [com.aijiu.system.shiro.UserRealm] is not eligible for getting processed by all BeanPostProcessors (for example: not eligible for auto-proxying)
2021-01-19 11:37:58 -Bean 'ehCacheManager' of type [org.apache.shiro.cache.ehcache.EhCacheManager] is not eligible for getting processed by all BeanPostProcessors (for example: not eligible for auto-proxying)
2021-01-19 11:37:58 -Cache with name 'com.aijiu.system.shiro.UserRealm.authorizationCache' does not yet exist.  Creating now.
2021-01-19 11:37:58 -Added EhCache named [com.aijiu.system.shiro.UserRealm.authorizationCache]
2021-01-19 11:37:58 -Bean 'sessionDAO' of type [org.apache.shiro.session.mgt.eis.MemorySessionDAO] is not eligible for getting processed by all BeanPostProcessors (for example: not eligible for auto-proxying)
2021-01-19 11:37:58 -Bean 'sessionManager' of type [org.apache.shiro.web.session.mgt.DefaultWebSessionManager] is not eligible for getting processed by all BeanPostProcessors (for example: not eligible for auto-proxying)
2021-01-19 11:37:58 -Bean 'securityManager' of type [org.apache.shiro.web.mgt.DefaultWebSecurityManager] is not eligible for getting processed by all BeanPostProcessors (for example: not eligible for auto-proxying)
2021-01-19 11:37:58 -Bean 'authorizationAttributeSourceAdvisor' of type [org.apache.shiro.spring.security.interceptor.AuthorizationAttributeSourceAdvisor] is not eligible for getting processed by all BeanPostProcessors (for example: not eligible for auto-proxying)
2021-01-19 11:37:58 -Tomcat initialized with port(s): 8066 (http)
2021-01-19 11:37:58 -Starting service [Tomcat]
2021-01-19 11:37:58 -Starting Servlet Engine: Apache Tomcat/8.5.23
2021-01-19 11:37:58 -Initializing Spring embedded WebApplicationContext
2021-01-19 11:37:58 -Root WebApplicationContext: initialization completed in 3698 ms
2021-01-19 11:37:58 -Mapping filter: 'characterEncodingFilter' to: [/*]
2021-01-19 11:37:58 -Mapping filter: 'hiddenHttpMethodFilter' to: [/*]
2021-01-19 11:37:58 -Mapping filter: 'httpPutFormContentFilter' to: [/*]
2021-01-19 11:37:58 -Mapping filter: 'requestContextFilter' to: [/*]
2021-01-19 11:37:58 -Mapping filter: 'springSecurityFilterChain' to: [/*]
2021-01-19 11:37:58 -Filter xssFilter was not registered (disabled)
2021-01-19 11:37:58 -Mapping filter: 'webStatFilter' to urls: [/*]
2021-01-19 11:37:58 -Mapping filter: 'shiroFilterFactoryBean' to: [/*]
2021-01-19 11:37:58 -Mapping servlet: 'statViewServlet' to [/druid/*]
2021-01-19 11:37:58 -Mapping servlet: 'dispatcherServlet' to [/]
2021-01-19 11:37:59 -{dataSource-1} inited
2021-01-19 11:38:00 -Using default implementation for ThreadExecutor
2021-01-19 11:38:00 -Initialized Scheduler Signaller of type: class org.quartz.core.SchedulerSignalerImpl
2021-01-19 11:38:00 -Quartz Scheduler v.2.2.1 created.
2021-01-19 11:38:00 -RAMJobStore initialized.
2021-01-19 11:38:00 -Scheduler meta-data: Quartz Scheduler (v2.2.1) 'schedulerFactoryBean' with instanceId 'NON_CLUSTERED'
  Scheduler class: 'org.quartz.core.QuartzScheduler' - running locally.
  NOT STARTED.
  Currently in standby mode.
  Number of jobs executed: 0
  Using thread pool 'org.quartz.simpl.SimpleThreadPool' - with 10 threads.
  Using job-store 'org.quartz.simpl.RAMJobStore' - which does not support persistence. and is not clustered.

2021-01-19 11:38:00 -Quartz scheduler 'schedulerFactoryBean' initialized from an externally provided properties instance.
2021-01-19 11:38:00 -Quartz scheduler version: 2.2.1
2021-01-19 11:38:00 -JobFactory set to: com.aijiu.common.quartz.factory.JobFactory@120df990
2021-01-19 11:38:00 -Initializing ExecutorService  'clientInboundChannelExecutor'
2021-01-19 11:38:00 -Initializing ExecutorService  'clientOutboundChannelExecutor'
2021-01-19 11:38:01 -Mapped "{[/carousel/banner/add],methods=[GET]}" onto java.lang.String com.aijiu.carousel.controller.BannerController.add()
2021-01-19 11:38:01 -Mapped "{[/carousel/banner/remove],methods=[POST]}" onto public com.aijiu.common.utils.R com.aijiu.carousel.controller.BannerController.remove(java.lang.Long,javax.servlet.http.HttpServletRequest)
2021-01-19 11:38:01 -Mapped "{[/carousel/banner/batchRemove],methods=[POST]}" onto public com.aijiu.common.utils.R com.aijiu.carousel.controller.BannerController.remove(java.lang.Long[])
2021-01-19 11:38:01 -Mapped "{[/carousel/banner/update]}" onto public com.aijiu.common.utils.R com.aijiu.carousel.controller.BannerController.update(com.aijiu.carousel.domain.BannerDO)
2021-01-19 11:38:01 -Mapped "{[/carousel/banner/list],methods=[GET]}" onto public com.aijiu.common.utils.PageUtils com.aijiu.carousel.controller.BannerController.list(java.util.Map<java.lang.String, java.lang.Object>)
2021-01-19 11:38:01 -Mapped "{[/carousel/banner/save],methods=[POST]}" onto public com.aijiu.common.utils.R com.aijiu.carousel.controller.BannerController.save(com.aijiu.carousel.domain.BannerDO)
2021-01-19 11:38:01 -Mapped "{[/carousel/banner/info/{id}]}" onto public com.aijiu.common.utils.R com.aijiu.carousel.controller.BannerController.info(java.lang.Long)
2021-01-19 11:38:01 -Mapped "{[/carousel/banner],methods=[GET]}" onto java.lang.String com.aijiu.carousel.controller.BannerController.sysFile(org.springframework.ui.Model)
2021-01-19 11:38:01 -Mapped "{[/carousel/banner/edit/{id}],methods=[GET]}" onto java.lang.String com.aijiu.carousel.controller.BannerController.edit(java.lang.Long,org.springframework.ui.Model)
2021-01-19 11:38:01 -Mapped "{[/carousel/banner/updateEnable]}" onto public com.aijiu.common.utils.R com.aijiu.carousel.controller.BannerController.updateEnable(java.lang.Long,java.lang.Integer)
2021-01-19 11:38:01 -Mapped "{[/carousel/banner/upload],methods=[POST]}" onto com.aijiu.common.utils.R com.aijiu.carousel.controller.BannerController.upload(org.springframework.web.multipart.MultipartFile,com.aijiu.carousel.domain.BannerDO,javax.servlet.http.HttpServletRequest)
2021-01-19 11:38:01 -Mapped "{[/carousel/banner/rocket/{id}],methods=[GET]}" onto java.lang.String com.aijiu.carousel.controller.BannerController.rocket(java.lang.Long,org.springframework.ui.Model)
2021-01-19 11:38:01 -Mapped "{[/common/dict/add],methods=[GET]}" onto java.lang.String com.aijiu.common.controller.DictController.add()
2021-01-19 11:38:01 -Mapped "{[/common/dict/remove],methods=[POST]}" onto public com.aijiu.common.utils.R com.aijiu.common.controller.DictController.remove(java.lang.Long)
2021-01-19 11:38:01 -Mapped "{[/common/dict/batchRemove],methods=[POST]}" onto public com.aijiu.common.utils.R com.aijiu.common.controller.DictController.remove(java.lang.Long[])
2021-01-19 11:38:01 -Mapped "{[/common/dict/update]}" onto public com.aijiu.common.utils.R com.aijiu.common.controller.DictController.update(com.aijiu.common.domain.DictDO)
2021-01-19 11:38:01 -Mapped "{[/common/dict/list],methods=[GET]}" onto public com.aijiu.common.utils.PageUtils com.aijiu.common.controller.DictController.list(java.util.Map<java.lang.String, java.lang.Object>)
2021-01-19 11:38:01 -Mapped "{[/common/dict/save],methods=[POST]}" onto public com.aijiu.common.utils.R com.aijiu.common.controller.DictController.save(com.aijiu.common.domain.DictDO)
2021-01-19 11:38:01 -Mapped "{[/common/dict/type],methods=[GET]}" onto public java.util.List<com.aijiu.common.domain.DictDO> com.aijiu.common.controller.DictController.listType()
2021-01-19 11:38:01 -Mapped "{[/common/dict/edit/{id}],methods=[GET]}" onto java.lang.String com.aijiu.common.controller.DictController.edit(java.lang.Long,org.springframework.ui.Model)
2021-01-19 11:38:01 -Mapped "{[/common/dict],methods=[GET]}" onto java.lang.String com.aijiu.common.controller.DictController.dict()
2021-01-19 11:38:01 -Mapped "{[/common/dict/list/{type}],methods=[GET]}" onto public java.util.List<com.aijiu.common.domain.DictDO> com.aijiu.common.controller.DictController.listByType(java.lang.String)
2021-01-19 11:38:01 -Mapped "{[/common/dict/add/{type}/{description}],methods=[GET]}" onto java.lang.String com.aijiu.common.controller.DictController.addD(org.springframework.ui.Model,java.lang.String,java.lang.String)
2021-01-19 11:38:01 -Mapped "{[/common/sysFile/add],methods=[GET]}" onto java.lang.String com.aijiu.common.controller.FileController.add()
2021-01-19 11:38:01 -Mapped "{[/common/sysFile/remove],methods=[POST]}" onto public com.aijiu.common.utils.R com.aijiu.common.controller.FileController.remove(java.lang.Long,javax.servlet.http.HttpServletRequest)
2021-01-19 11:38:01 -Mapped "{[/common/sysFile/batchRemove],methods=[POST]}" onto public com.aijiu.common.utils.R com.aijiu.common.controller.FileController.remove(java.lang.Long[])
2021-01-19 11:38:01 -Mapped "{[/common/sysFile/update]}" onto public com.aijiu.common.utils.R com.aijiu.common.controller.FileController.update(com.aijiu.common.domain.FileDO)
2021-01-19 11:38:01 -Mapped "{[/common/sysFile/list],methods=[GET]}" onto public com.aijiu.common.utils.PageUtils com.aijiu.common.controller.FileController.list(java.util.Map<java.lang.String, java.lang.Object>)
2021-01-19 11:38:01 -Mapped "{[/common/sysFile/save],methods=[POST]}" onto public com.aijiu.common.utils.R com.aijiu.common.controller.FileController.save(com.aijiu.common.domain.FileDO)
2021-01-19 11:38:01 -Mapped "{[/common/sysFile/info/{id}]}" onto public com.aijiu.common.utils.R com.aijiu.common.controller.FileController.info(java.lang.Long)
2021-01-19 11:38:01 -Mapped "{[/common/sysFile],methods=[GET]}" onto java.lang.String com.aijiu.common.controller.FileController.sysFile(org.springframework.ui.Model)
2021-01-19 11:38:01 -Mapped "{[/common/sysFile/edit],methods=[GET]}" onto java.lang.String com.aijiu.common.controller.FileController.edit(java.lang.Long,org.springframework.ui.Model)
2021-01-19 11:38:01 -Mapped "{[/common/sysFile/upload],methods=[POST]}" onto com.aijiu.common.utils.R com.aijiu.common.controller.FileController.upload(org.springframework.web.multipart.MultipartFile,javax.servlet.http.HttpServletRequest)
2021-01-19 11:38:01 -Mapped "{[/common/generator/update],methods=[POST]}" onto com.aijiu.common.utils.R com.aijiu.common.controller.GeneratorController.update(java.util.Map<java.lang.String, java.lang.Object>)
2021-01-19 11:38:01 -Mapped "{[/common/generator/list],methods=[GET]}" onto java.util.List<java.util.Map<java.lang.String, java.lang.Object>> com.aijiu.common.controller.GeneratorController.list()
2021-01-19 11:38:01 -Mapped "{[/common/generator/code/{tableName}]}" onto public void com.aijiu.common.controller.GeneratorController.code(javax.servlet.http.HttpServletRequest,javax.servlet.http.HttpServletResponse,java.lang.String) throws java.io.IOException
2021-01-19 11:38:01 -Mapped "{[/common/generator],methods=[GET]}" onto java.lang.String com.aijiu.common.controller.GeneratorController.generator()
2021-01-19 11:38:01 -Mapped "{[/common/generator/edit],methods=[GET]}" onto public java.lang.String com.aijiu.common.controller.GeneratorController.edit(org.springframework.ui.Model)
2021-01-19 11:38:01 -Mapped "{[/common/generator/batchCode]}" onto public void com.aijiu.common.controller.GeneratorController.batchCode(javax.servlet.http.HttpServletRequest,javax.servlet.http.HttpServletResponse,java.lang.String) throws java.io.IOException
2021-01-19 11:38:01 -Mapped "{[/common/job/add],methods=[GET]}" onto java.lang.String com.aijiu.common.controller.JobController.add()
2021-01-19 11:38:01 -Mapped "{[/common/job/remove],methods=[POST]}" onto public com.aijiu.common.utils.R com.aijiu.common.controller.JobController.remove(java.lang.Long)
2021-01-19 11:38:01 -Mapped "{[/common/job/batchRemove],methods=[POST]}" onto public com.aijiu.common.utils.R com.aijiu.common.controller.JobController.remove(java.lang.Long[])
2021-01-19 11:38:01 -Mapped "{[/common/job/update],methods=[POST]}" onto public com.aijiu.common.utils.R com.aijiu.common.controller.JobController.update(com.aijiu.common.domain.TaskDO)
2021-01-19 11:38:01 -Mapped "{[/common/job/list],methods=[GET]}" onto public com.aijiu.common.utils.PageUtils com.aijiu.common.controller.JobController.list(java.util.Map<java.lang.String, java.lang.Object>)
2021-01-19 11:38:01 -Mapped "{[/common/job/save],methods=[POST]}" onto public com.aijiu.common.utils.R com.aijiu.common.controller.JobController.save(com.aijiu.common.domain.TaskDO)
2021-01-19 11:38:01 -Mapped "{[/common/job/info/{id}]}" onto public com.aijiu.common.utils.R com.aijiu.common.controller.JobController.info(java.lang.Long)
2021-01-19 11:38:01 -Mapped "{[/common/job/edit/{id}],methods=[GET]}" onto java.lang.String com.aijiu.common.controller.JobController.edit(java.lang.Long,org.springframework.ui.Model)
2021-01-19 11:38:01 -Mapped "{[/common/job],methods=[GET]}" onto java.lang.String com.aijiu.common.controller.JobController.taskScheduleJob()
2021-01-19 11:38:01 -Mapped "{[/common/job/changeJobStatus],methods=[POST]}" onto public com.aijiu.common.utils.R com.aijiu.common.controller.JobController.changeJobStatus(java.lang.Long,java.lang.String)
2021-01-19 11:38:01 -Mapped "{[/common/log/remove],methods=[POST]}" onto com.aijiu.common.utils.R com.aijiu.common.controller.LogController.remove(java.lang.Long)
2021-01-19 11:38:01 -Mapped "{[/common/log],methods=[GET]}" onto java.lang.String com.aijiu.common.controller.LogController.log()
2021-01-19 11:38:01 -Mapped "{[/common/log/list],methods=[GET]}" onto com.aijiu.common.domain.PageDO<com.aijiu.common.domain.LogDO> com.aijiu.common.controller.LogController.list(java.util.Map<java.lang.String, java.lang.Object>)
2021-01-19 11:38:01 -Mapped "{[/common/log/batchRemove],methods=[POST]}" onto com.aijiu.common.utils.R com.aijiu.common.controller.LogController.batchRemove(java.lang.Long[])
2021-01-19 11:38:01 -Mapped "{[/error]}" onto public com.aijiu.common.utils.R com.aijiu.common.exception.MainsiteErrorController.handleError(javax.servlet.http.HttpServletRequest,javax.servlet.http.HttpServletResponse)
2021-01-19 11:38:01 -Mapped "{[/error],produces=[text/html]}" onto public org.springframework.web.servlet.ModelAndView com.aijiu.common.exception.MainsiteErrorController.errorHtml(javax.servlet.http.HttpServletRequest,javax.servlet.http.HttpServletResponse)
2021-01-19 11:38:01 -Mapped "{[/information/attention/add],methods=[GET]}" onto java.lang.String com.aijiu.information.controller.AttentionController.add()
2021-01-19 11:38:01 -Mapped "{[/information/attention/remove],methods=[POST]}" onto public com.aijiu.common.utils.R com.aijiu.information.controller.AttentionController.remove(java.lang.Long)
2021-01-19 11:38:01 -Mapped "{[/information/attention/batchRemove],methods=[POST]}" onto public com.aijiu.common.utils.R com.aijiu.information.controller.AttentionController.remove(java.lang.Long[])
2021-01-19 11:38:01 -Mapped "{[/information/attention/update]}" onto public com.aijiu.common.utils.R com.aijiu.information.controller.AttentionController.update(com.aijiu.information.domain.AttentionDO)
2021-01-19 11:38:01 -Mapped "{[/information/attention/list],methods=[GET]}" onto public com.aijiu.common.utils.PageUtils com.aijiu.information.controller.AttentionController.list(java.util.Map<java.lang.String, java.lang.Object>)
2021-01-19 11:38:01 -Mapped "{[/information/attention/save],methods=[POST]}" onto public com.aijiu.common.utils.R com.aijiu.information.controller.AttentionController.save(com.aijiu.information.domain.AttentionDO)
2021-01-19 11:38:01 -Mapped "{[/information/attention/edit/{id}],methods=[GET]}" onto java.lang.String com.aijiu.information.controller.AttentionController.edit(java.lang.Long,org.springframework.ui.Model)
2021-01-19 11:38:01 -Mapped "{[/information/attention],methods=[GET]}" onto java.lang.String com.aijiu.information.controller.AttentionController.Attention(org.springframework.ui.Model)
2021-01-19 11:38:01 -Mapped "{[/information/device/add],methods=[GET]}" onto java.lang.String com.aijiu.information.controller.DeviceController.add()
2021-01-19 11:38:01 -Mapped "{[/information/device/remove],methods=[POST]}" onto public com.aijiu.common.utils.R com.aijiu.information.controller.DeviceController.remove(java.lang.Integer)
2021-01-19 11:38:01 -Mapped "{[/information/device/batchRemove],methods=[POST]}" onto public com.aijiu.common.utils.R com.aijiu.information.controller.DeviceController.remove(java.lang.Integer[])
2021-01-19 11:38:01 -Mapped "{[/information/device/update]}" onto public com.aijiu.common.utils.R com.aijiu.information.controller.DeviceController.update(com.aijiu.information.domain.DeviceDO)
2021-01-19 11:38:01 -Mapped "{[/information/device/list],methods=[GET]}" onto public com.aijiu.common.utils.PageUtils com.aijiu.information.controller.DeviceController.list(java.util.Map<java.lang.String, java.lang.Object>)
2021-01-19 11:38:01 -Mapped "{[/information/device/save],methods=[POST]}" onto public com.aijiu.common.utils.R com.aijiu.information.controller.DeviceController.save(com.aijiu.information.domain.DeviceDO)
2021-01-19 11:38:01 -Mapped "{[/information/device/edit/{id}],methods=[GET]}" onto java.lang.String com.aijiu.information.controller.DeviceController.edit(java.lang.Integer,org.springframework.ui.Model)
2021-01-19 11:38:01 -Mapped "{[/information/device],methods=[GET]}" onto java.lang.String com.aijiu.information.controller.DeviceController.Device()
2021-01-19 11:38:01 -Mapped "{[/information/leaveComment/remove],methods=[POST]}" onto public com.aijiu.common.utils.R com.aijiu.information.controller.LeaveCommentController.remove(java.lang.Long)
2021-01-19 11:38:01 -Mapped "{[/information/leaveComment/list],methods=[GET]}" onto public com.aijiu.common.utils.PageUtils com.aijiu.information.controller.LeaveCommentController.list(java.util.Map<java.lang.String, java.lang.Object>)
2021-01-19 11:38:01 -Mapped "{[/information/leaveComment/edit/{id}],methods=[GET]}" onto java.lang.String com.aijiu.information.controller.LeaveCommentController.edit(java.lang.Long,org.springframework.ui.Model)
2021-01-19 11:38:01 -Mapped "{[/information/leaveComment/updateEnable]}" onto public com.aijiu.common.utils.R com.aijiu.information.controller.LeaveCommentController.updateEnable(java.lang.Long,java.lang.Integer)
2021-01-19 11:38:01 -Mapped "{[/information/leaveComment/{id}],methods=[GET]}" onto java.lang.String com.aijiu.information.controller.LeaveCommentController.LeaveComment(java.lang.Long,org.springframework.ui.Model)
2021-01-19 11:38:01 -Mapped "{[/information/leaveMessage/remove],methods=[POST]}" onto public com.aijiu.common.utils.R com.aijiu.information.controller.LeaveMessageController.remove(java.lang.Long)
2021-01-19 11:38:01 -Mapped "{[/information/leaveMessage/update]}" onto public com.aijiu.common.utils.R com.aijiu.information.controller.LeaveMessageController.update(com.aijiu.information.domain.LeaveMessageDO)
2021-01-19 11:38:01 -Mapped "{[/information/leaveMessage/list],methods=[GET]}" onto public com.aijiu.common.utils.PageUtils com.aijiu.information.controller.LeaveMessageController.list(java.util.Map<java.lang.String, java.lang.Object>)
2021-01-19 11:38:01 -Mapped "{[/information/leaveMessage/save],methods=[POST]}" onto public com.aijiu.common.utils.R com.aijiu.information.controller.LeaveMessageController.save(com.aijiu.information.domain.LeaveMessageDO)
2021-01-19 11:38:01 -Mapped "{[/information/leaveMessage/edit/{id}],methods=[GET]}" onto public java.lang.String com.aijiu.information.controller.LeaveMessageController.edit(java.lang.Long,org.springframework.ui.Model)
2021-01-19 11:38:01 -Mapped "{[/information/leaveMessage],methods=[GET]}" onto java.lang.String com.aijiu.information.controller.LeaveMessageController.LeaveMessage()
2021-01-19 11:38:01 -Mapped "{[/information/leaveMessage/updateEnable1]}" onto public com.aijiu.common.utils.R com.aijiu.information.controller.LeaveMessageController.updateEnable1(java.lang.Long,java.lang.Integer)
2021-01-19 11:38:01 -Mapped "{[/information/leaveMessage/updateEnable2]}" onto public com.aijiu.common.utils.R com.aijiu.information.controller.LeaveMessageController.updateEnable2(java.lang.Long,java.lang.Integer)
2021-01-19 11:38:01 -Mapped "{[/information/leaveMessage/updateEnable5]}" onto public com.aijiu.common.utils.R com.aijiu.information.controller.LeaveMessageController.updateEnable5(java.lang.Long,java.lang.Integer)
2021-01-19 11:38:01 -Mapped "{[/information/leaveMessage/shoucang/{shoucangids}],methods=[GET]}" onto public java.lang.String com.aijiu.information.controller.LeaveMessageController.shoucang(java.lang.String,org.springframework.ui.Model)
2021-01-19 11:38:01 -Mapped "{[/information/leaveMessage/listShoucang],methods=[GET]}" onto public com.aijiu.common.utils.PageUtils com.aijiu.information.controller.LeaveMessageController.listShoucang(java.util.Map<java.lang.String, java.lang.Object>)
2021-01-19 11:38:01 -Mapped "{[/information/leaveMessage/shenhe/{id}],methods=[GET]}" onto java.lang.String com.aijiu.information.controller.LeaveMessageController.shenhe(java.lang.Long,org.springframework.ui.Model)
2021-01-19 11:38:01 -Mapped "{[/information/myBingzheng/add],methods=[GET]}" onto java.lang.String com.aijiu.information.controller.MyBingzhengController.add()
2021-01-19 11:38:01 -Mapped "{[/information/myBingzheng/remove],methods=[POST]}" onto public com.aijiu.common.utils.R com.aijiu.information.controller.MyBingzhengController.remove(java.lang.Long)
2021-01-19 11:38:01 -Mapped "{[/information/myBingzheng/batchRemove],methods=[POST]}" onto public com.aijiu.common.utils.R com.aijiu.information.controller.MyBingzhengController.remove(java.lang.Long[])
2021-01-19 11:38:01 -Mapped "{[/information/myBingzheng/update]}" onto public com.aijiu.common.utils.R com.aijiu.information.controller.MyBingzhengController.update(com.aijiu.information.domain.MyBingzhengDO)
2021-01-19 11:38:01 -Mapped "{[/information/myBingzheng/list],methods=[GET]}" onto public com.aijiu.common.utils.PageUtils com.aijiu.information.controller.MyBingzhengController.list(java.util.Map<java.lang.String, java.lang.Object>)
2021-01-19 11:38:01 -Mapped "{[/information/myBingzheng/save],methods=[POST]}" onto public com.aijiu.common.utils.R com.aijiu.information.controller.MyBingzhengController.save(com.aijiu.information.domain.MyBingzhengDO)
2021-01-19 11:38:01 -Mapped "{[/information/myBingzheng/edit/{id}],methods=[GET]}" onto java.lang.String com.aijiu.information.controller.MyBingzhengController.edit(java.lang.Long,org.springframework.ui.Model)
2021-01-19 11:38:01 -Mapped "{[/information/myBingzheng],methods=[GET]}" onto java.lang.String com.aijiu.information.controller.MyBingzhengController.MyBingzheng()
2021-01-19 11:38:01 -Mapped "{[/information/myDevice/add],methods=[GET]}" onto java.lang.String com.aijiu.information.controller.MyDeviceController.add()
2021-01-19 11:38:01 -Mapped "{[/information/myDevice/remove],methods=[POST]}" onto public com.aijiu.common.utils.R com.aijiu.information.controller.MyDeviceController.remove(java.lang.Long)
2021-01-19 11:38:01 -Mapped "{[/information/myDevice/batchRemove],methods=[POST]}" onto public com.aijiu.common.utils.R com.aijiu.information.controller.MyDeviceController.remove(java.lang.Long[])
2021-01-19 11:38:01 -Mapped "{[/information/myDevice/update]}" onto public com.aijiu.common.utils.R com.aijiu.information.controller.MyDeviceController.update(com.aijiu.information.domain.MyDeviceDO)
2021-01-19 11:38:01 -Mapped "{[/information/myDevice/list],methods=[GET]}" onto public com.aijiu.common.utils.PageUtils com.aijiu.information.controller.MyDeviceController.list(java.util.Map<java.lang.String, java.lang.Object>)
2021-01-19 11:38:01 -Mapped "{[/information/myDevice/save],methods=[POST]}" onto public com.aijiu.common.utils.R com.aijiu.information.controller.MyDeviceController.save(com.aijiu.information.domain.MyDeviceDO)
2021-01-19 11:38:01 -Mapped "{[/information/myDevice/edit/{id}],methods=[GET]}" onto java.lang.String com.aijiu.information.controller.MyDeviceController.edit(java.lang.Long,org.springframework.ui.Model)
2021-01-19 11:38:01 -Mapped "{[/information/myDevice],methods=[GET]}" onto java.lang.String com.aijiu.information.controller.MyDeviceController.MyDevice()
2021-01-19 11:38:01 -Mapped "{[/information/myHelp/add],methods=[GET]}" onto java.lang.String com.aijiu.information.controller.MyHelpController.add()
2021-01-19 11:38:01 -Mapped "{[/information/myHelp/remove],methods=[POST]}" onto public com.aijiu.common.utils.R com.aijiu.information.controller.MyHelpController.remove(java.lang.Long)
2021-01-19 11:38:01 -Mapped "{[/information/myHelp/batchRemove],methods=[POST]}" onto public com.aijiu.common.utils.R com.aijiu.information.controller.MyHelpController.remove(java.lang.Long[])
2021-01-19 11:38:01 -Mapped "{[/information/myHelp/update]}" onto public com.aijiu.common.utils.R com.aijiu.information.controller.MyHelpController.update(com.aijiu.information.domain.MyHelpDO)
2021-01-19 11:38:01 -Mapped "{[/information/myHelp/list],methods=[GET]}" onto public com.aijiu.common.utils.PageUtils com.aijiu.information.controller.MyHelpController.list(java.util.Map<java.lang.String, java.lang.Object>)
2021-01-19 11:38:01 -Mapped "{[/information/myHelp/save],methods=[POST]}" onto public com.aijiu.common.utils.R com.aijiu.information.controller.MyHelpController.save(com.aijiu.information.domain.MyHelpDO)
2021-01-19 11:38:01 -Mapped "{[/information/myHelp/edit/{id}],methods=[GET]}" onto java.lang.String com.aijiu.information.controller.MyHelpController.edit(java.lang.Long,org.springframework.ui.Model)
2021-01-19 11:38:01 -Mapped "{[/information/myHelp],methods=[GET]}" onto java.lang.String com.aijiu.information.controller.MyHelpController.MyHelp()
2021-01-19 11:38:01 -Mapped "{[/information/myShoucang/add],methods=[GET]}" onto java.lang.String com.aijiu.information.controller.MyShoucangController.add()
2021-01-19 11:38:01 -Mapped "{[/information/myShoucang/remove],methods=[POST]}" onto public com.aijiu.common.utils.R com.aijiu.information.controller.MyShoucangController.remove(java.lang.Long)
2021-01-19 11:38:01 -Mapped "{[/information/myShoucang/batchRemove],methods=[POST]}" onto public com.aijiu.common.utils.R com.aijiu.information.controller.MyShoucangController.remove(java.lang.Long[])
2021-01-19 11:38:01 -Mapped "{[/information/myShoucang/update]}" onto public com.aijiu.common.utils.R com.aijiu.information.controller.MyShoucangController.update(com.aijiu.information.domain.MyShoucangDO)
2021-01-19 11:38:01 -Mapped "{[/information/myShoucang/list],methods=[GET]}" onto public com.aijiu.common.utils.PageUtils com.aijiu.information.controller.MyShoucangController.list(java.util.Map<java.lang.String, java.lang.Object>)
2021-01-19 11:38:01 -Mapped "{[/information/myShoucang/save],methods=[POST]}" onto public com.aijiu.common.utils.R com.aijiu.information.controller.MyShoucangController.save(com.aijiu.information.domain.MyShoucangDO)
2021-01-19 11:38:01 -Mapped "{[/information/myShoucang/edit/{id}],methods=[GET]}" onto java.lang.String com.aijiu.information.controller.MyShoucangController.edit(java.lang.Long,org.springframework.ui.Model)
2021-01-19 11:38:01 -Mapped "{[/information/myShoucang],methods=[GET]}" onto java.lang.String com.aijiu.information.controller.MyShoucangController.MyShoucang()
2021-01-19 11:38:01 -Mapped "{[/information/scores/add],methods=[GET]}" onto java.lang.String com.aijiu.information.controller.ScoresController.add()
2021-01-19 11:38:01 -Mapped "{[/information/scores/remove],methods=[POST]}" onto public com.aijiu.common.utils.R com.aijiu.information.controller.ScoresController.remove(java.lang.Long)
2021-01-19 11:38:01 -Mapped "{[/information/scores/batchRemove],methods=[POST]}" onto public com.aijiu.common.utils.R com.aijiu.information.controller.ScoresController.remove(java.lang.Long[])
2021-01-19 11:38:01 -Mapped "{[/information/scores/update]}" onto public com.aijiu.common.utils.R com.aijiu.information.controller.ScoresController.update(com.aijiu.information.domain.ScoresDO)
2021-01-19 11:38:01 -Mapped "{[/information/scores/list],methods=[GET]}" onto public com.aijiu.common.utils.PageUtils com.aijiu.information.controller.ScoresController.list(java.util.Map<java.lang.String, java.lang.Object>)
2021-01-19 11:38:01 -Mapped "{[/information/scores/save],methods=[POST]}" onto public com.aijiu.common.utils.R com.aijiu.information.controller.ScoresController.save(com.aijiu.information.domain.ScoresDO)
2021-01-19 11:38:01 -Mapped "{[/information/scores/edit/{id}],methods=[GET]}" onto java.lang.String com.aijiu.information.controller.ScoresController.edit(java.lang.Long,org.springframework.ui.Model)
2021-01-19 11:38:01 -Mapped "{[/information/scores],methods=[GET]}" onto java.lang.String com.aijiu.information.controller.ScoresController.Scores()
2021-01-19 11:38:01 -Mapped "{[/information/user/add],methods=[GET]}" onto java.lang.String com.aijiu.information.controller.UserDOController.add()
2021-01-19 11:38:01 -Mapped "{[/information/user/remove],methods=[POST]}" onto public com.aijiu.common.utils.R com.aijiu.information.controller.UserDOController.remove(java.lang.Long)
2021-01-19 11:38:01 -Mapped "{[/information/user/batchRemove],methods=[POST]}" onto public com.aijiu.common.utils.R com.aijiu.information.controller.UserDOController.remove(java.lang.Long[])
2021-01-19 11:38:01 -Mapped "{[/information/user/update]}" onto public com.aijiu.common.utils.R com.aijiu.information.controller.UserDOController.update(com.aijiu.information.domain.UserDO)
2021-01-19 11:38:01 -Mapped "{[/information/user/list],methods=[GET]}" onto public com.aijiu.common.utils.PageUtils com.aijiu.information.controller.UserDOController.list(java.util.Map<java.lang.String, java.lang.Object>)
2021-01-19 11:38:01 -Mapped "{[/information/user/save],methods=[POST]}" onto public com.aijiu.common.utils.R com.aijiu.information.controller.UserDOController.save(com.aijiu.information.domain.UserDO)
2021-01-19 11:38:01 -Mapped "{[/information/user],methods=[GET]}" onto java.lang.String com.aijiu.information.controller.UserDOController.User()
2021-01-19 11:38:01 -Mapped "{[/information/user/edit/{id}],methods=[GET]}" onto java.lang.String com.aijiu.information.controller.UserDOController.edit(java.lang.Long,org.springframework.ui.Model)
2021-01-19 11:38:01 -Mapped "{[/information/xuewei/add],methods=[GET]}" onto java.lang.String com.aijiu.information.controller.XueweiController.add()
2021-01-19 11:38:01 -Mapped "{[/information/xuewei/remove],methods=[POST]}" onto public com.aijiu.common.utils.R com.aijiu.information.controller.XueweiController.remove(java.lang.Long)
2021-01-19 11:38:01 -Mapped "{[/information/xuewei/batchRemove],methods=[POST]}" onto public com.aijiu.common.utils.R com.aijiu.information.controller.XueweiController.remove(java.lang.Long[])
2021-01-19 11:38:01 -Mapped "{[/information/xuewei/update]}" onto public com.aijiu.common.utils.R com.aijiu.information.controller.XueweiController.update(com.aijiu.information.domain.XueweiDO)
2021-01-19 11:38:01 -Mapped "{[/information/xuewei/list],methods=[GET]}" onto public com.aijiu.common.utils.PageUtils com.aijiu.information.controller.XueweiController.list(java.util.Map<java.lang.String, java.lang.Object>)
2021-01-19 11:38:01 -Mapped "{[/information/xuewei/save],methods=[POST]}" onto public com.aijiu.common.utils.R com.aijiu.information.controller.XueweiController.save(com.aijiu.information.domain.XueweiDO)
2021-01-19 11:38:01 -Mapped "{[/information/xuewei/edit/{id}],methods=[GET]}" onto java.lang.String com.aijiu.information.controller.XueweiController.edit(java.lang.Long,org.springframework.ui.Model)
2021-01-19 11:38:01 -Mapped "{[/information/xuewei],methods=[GET]}" onto java.lang.String com.aijiu.information.controller.XueweiController.Xuewei()
2021-01-19 11:38:01 -Mapped "{[/information/zjzd/add],methods=[GET]}" onto java.lang.String com.aijiu.information.controller.ZjzdController.add()
2021-01-19 11:38:01 -Mapped "{[/information/zjzd/remove],methods=[POST]}" onto public com.aijiu.common.utils.R com.aijiu.information.controller.ZjzdController.remove(java.lang.Long)
2021-01-19 11:38:01 -Mapped "{[/information/zjzd/batchRemove],methods=[POST]}" onto public com.aijiu.common.utils.R com.aijiu.information.controller.ZjzdController.remove(java.lang.Long[])
2021-01-19 11:38:01 -Mapped "{[/information/zjzd/update]}" onto public com.aijiu.common.utils.R com.aijiu.information.controller.ZjzdController.update(com.aijiu.information.domain.ZjzdDO)
2021-01-19 11:38:01 -Mapped "{[/information/zjzd/list],methods=[GET]}" onto public com.aijiu.common.utils.PageUtils com.aijiu.information.controller.ZjzdController.list(java.util.Map<java.lang.String, java.lang.Object>)
2021-01-19 11:38:01 -Mapped "{[/information/zjzd/save],methods=[POST]}" onto public com.aijiu.common.utils.R com.aijiu.information.controller.ZjzdController.save(com.aijiu.information.domain.ZjzdDO)
2021-01-19 11:38:01 -Mapped "{[/information/zjzd/edit/{id}],methods=[GET]}" onto java.lang.String com.aijiu.information.controller.ZjzdController.edit(java.lang.Long,org.springframework.ui.Model)
2021-01-19 11:38:01 -Mapped "{[/information/zjzd],methods=[GET]}" onto java.lang.String com.aijiu.information.controller.ZjzdController.Zjzd()
2021-01-19 11:38:01 -Mapped "{[/oa/notify/add],methods=[GET]}" onto java.lang.String com.aijiu.oa.controller.NotifyController.add()
2021-01-19 11:38:01 -Mapped "{[/oa/notify/remove],methods=[POST]}" onto public com.aijiu.common.utils.R com.aijiu.oa.controller.NotifyController.remove(java.lang.Long)
2021-01-19 11:38:01 -Mapped "{[/oa/notify/batchRemove],methods=[POST]}" onto public com.aijiu.common.utils.R com.aijiu.oa.controller.NotifyController.remove(java.lang.Long[])
2021-01-19 11:38:01 -Mapped "{[/oa/notify/update]}" onto public com.aijiu.common.utils.R com.aijiu.oa.controller.NotifyController.update(com.aijiu.oa.domain.NotifyDO)
2021-01-19 11:38:01 -Mapped "{[/oa/notify/read/{id}],methods=[GET]}" onto java.lang.String com.aijiu.oa.controller.NotifyController.read(java.lang.Long,org.springframework.ui.Model)
2021-01-19 11:38:01 -Mapped "{[/oa/notify/list],methods=[GET]}" onto public com.aijiu.common.utils.PageUtils com.aijiu.oa.controller.NotifyController.list(java.util.Map<java.lang.String, java.lang.Object>)
2021-01-19 11:38:01 -Mapped "{[/oa/notify/save],methods=[POST]}" onto public com.aijiu.common.utils.R com.aijiu.oa.controller.NotifyController.save(com.aijiu.oa.domain.NotifyDO)
2021-01-19 11:38:01 -Mapped "{[/oa/notify/message],methods=[GET]}" onto com.aijiu.common.utils.PageUtils com.aijiu.oa.controller.NotifyController.message()
2021-01-19 11:38:01 -Mapped "{[/oa/notify/selfList],methods=[GET]}" onto com.aijiu.common.utils.PageUtils com.aijiu.oa.controller.NotifyController.selfList(java.util.Map<java.lang.String, java.lang.Object>)
2021-01-19 11:38:01 -Mapped "{[/oa/notify/edit/{id}],methods=[GET]}" onto java.lang.String com.aijiu.oa.controller.NotifyController.edit(java.lang.Long,org.springframework.ui.Model)
2021-01-19 11:38:01 -Mapped "{[/oa/notify/selfNotify],methods=[GET]}" onto java.lang.String com.aijiu.oa.controller.NotifyController.selefNotify()
2021-01-19 11:38:01 -Mapped "{[/oa/notify],methods=[GET]}" onto java.lang.String com.aijiu.oa.controller.NotifyController.oaNotify()
2021-01-19 11:38:01 -Mapped "{[/system/sysDept/add/{pId}],methods=[GET]}" onto java.lang.String com.aijiu.system.controller.DeptController.add(java.lang.Long,org.springframework.ui.Model)
2021-01-19 11:38:01 -Mapped "{[/system/sysDept/remove],methods=[POST]}" onto public com.aijiu.common.utils.R com.aijiu.system.controller.DeptController.remove(java.lang.Long)
2021-01-19 11:38:01 -Mapped "{[/system/sysDept/batchRemove],methods=[POST]}" onto public com.aijiu.common.utils.R com.aijiu.system.controller.DeptController.remove(java.lang.Long[])
2021-01-19 11:38:01 -Mapped "{[/system/sysDept/update]}" onto public com.aijiu.common.utils.R com.aijiu.system.controller.DeptController.update(com.aijiu.system.domain.DeptDO)
2021-01-19 11:38:01 -Mapped "{[/system/sysDept/list],methods=[GET]}" onto public java.util.List<com.aijiu.system.domain.DeptDO> com.aijiu.system.controller.DeptController.list()
2021-01-19 11:38:01 -Mapped "{[/system/sysDept/save],methods=[POST]}" onto public com.aijiu.common.utils.R com.aijiu.system.controller.DeptController.save(com.aijiu.system.domain.DeptDO)
2021-01-19 11:38:01 -Mapped "{[/system/sysDept/tree],methods=[GET]}" onto public com.aijiu.common.domain.Tree<com.aijiu.system.domain.DeptDO> com.aijiu.system.controller.DeptController.tree()
2021-01-19 11:38:01 -Mapped "{[/system/sysDept/edit/{deptId}],methods=[GET]}" onto java.lang.String com.aijiu.system.controller.DeptController.edit(java.lang.Long,org.springframework.ui.Model)
2021-01-19 11:38:01 -Mapped "{[/system/sysDept/treeView],methods=[GET]}" onto java.lang.String com.aijiu.system.controller.DeptController.treeView()
2021-01-19 11:38:01 -Mapped "{[/system/sysDept],methods=[GET]}" onto java.lang.String com.aijiu.system.controller.DeptController.dept()
2021-01-19 11:38:01 -Mapped "{[/index],methods=[GET]}" onto java.lang.String com.aijiu.system.controller.LoginController.index(org.springframework.ui.Model)
2021-01-19 11:38:01 -Mapped "{[/main],methods=[GET]}" onto java.lang.String com.aijiu.system.controller.LoginController.main()
2021-01-19 11:38:01 -Mapped "{[/login],methods=[GET]}" onto java.lang.String com.aijiu.system.controller.LoginController.login()
2021-01-19 11:38:01 -Mapped "{[/logout],methods=[GET]}" onto java.lang.String com.aijiu.system.controller.LoginController.logout()
2021-01-19 11:38:01 -Mapped "{[/login],methods=[POST]}" onto com.aijiu.common.utils.R com.aijiu.system.controller.LoginController.ajaxLogin(java.lang.String,java.lang.String)
2021-01-19 11:38:01 -Mapped "{[/ || ],methods=[GET]}" onto java.lang.String com.aijiu.system.controller.LoginController.welcome(org.springframework.ui.Model)
2021-01-19 11:38:01 -Mapped "{[/sys/menu/add/{pId}],methods=[GET]}" onto java.lang.String com.aijiu.system.controller.MenuController.add(org.springframework.ui.Model,java.lang.Long)
2021-01-19 11:38:01 -Mapped "{[/sys/menu/remove],methods=[POST]}" onto com.aijiu.common.utils.R com.aijiu.system.controller.MenuController.remove(java.lang.Long)
2021-01-19 11:38:01 -Mapped "{[/sys/menu/update],methods=[POST]}" onto com.aijiu.common.utils.R com.aijiu.system.controller.MenuController.update(com.aijiu.system.domain.MenuDO)
2021-01-19 11:38:01 -Mapped "{[/sys/menu/list]}" onto java.util.List<com.aijiu.system.domain.MenuDO> com.aijiu.system.controller.MenuController.list(java.util.Map<java.lang.String, java.lang.Object>)
2021-01-19 11:38:01 -Mapped "{[/sys/menu/save],methods=[POST]}" onto com.aijiu.common.utils.R com.aijiu.system.controller.MenuController.save(com.aijiu.system.domain.MenuDO)
2021-01-19 11:38:01 -Mapped "{[/sys/menu/tree/{roleId}],methods=[GET]}" onto com.aijiu.common.domain.Tree<com.aijiu.system.domain.MenuDO> com.aijiu.system.controller.MenuController.tree(java.lang.Long)
2021-01-19 11:38:01 -Mapped "{[/sys/menu/tree],methods=[GET]}" onto com.aijiu.common.domain.Tree<com.aijiu.system.domain.MenuDO> com.aijiu.system.controller.MenuController.tree()
2021-01-19 11:38:01 -Mapped "{[/sys/menu/edit/{id}],methods=[GET]}" onto java.lang.String com.aijiu.system.controller.MenuController.edit(org.springframework.ui.Model,java.lang.Long)
2021-01-19 11:38:01 -Mapped "{[/sys/menu],methods=[GET]}" onto java.lang.String com.aijiu.system.controller.MenuController.menu(org.springframework.ui.Model)
2021-01-19 11:38:01 -Mapped "{[/sys/role/add],methods=[GET]}" onto java.lang.String com.aijiu.system.controller.RoleController.add()
2021-01-19 11:38:01 -Mapped "{[/sys/role/update],methods=[POST]}" onto com.aijiu.common.utils.R com.aijiu.system.controller.RoleController.update(com.aijiu.system.domain.RoleDO)
2021-01-19 11:38:01 -Mapped "{[/sys/role/list],methods=[GET]}" onto java.util.List<com.aijiu.system.domain.RoleDO> com.aijiu.system.controller.RoleController.list()
2021-01-19 11:38:01 -Mapped "{[/sys/role/remove],methods=[POST]}" onto com.aijiu.common.utils.R com.aijiu.system.controller.RoleController.save(java.lang.Long)
2021-01-19 11:38:01 -Mapped "{[/sys/role/save],methods=[POST]}" onto com.aijiu.common.utils.R com.aijiu.system.controller.RoleController.save(com.aijiu.system.domain.RoleDO)
2021-01-19 11:38:01 -Mapped "{[/sys/role/batchRemove],methods=[POST]}" onto com.aijiu.common.utils.R com.aijiu.system.controller.RoleController.batchRemove(java.lang.Long[])
2021-01-19 11:38:01 -Mapped "{[/sys/role],methods=[GET]}" onto java.lang.String com.aijiu.system.controller.RoleController.role()
2021-01-19 11:38:01 -Mapped "{[/sys/role/edit/{id}],methods=[GET]}" onto java.lang.String com.aijiu.system.controller.RoleController.edit(java.lang.Long,org.springframework.ui.Model)
2021-01-19 11:38:01 -Mapped "{[/sys/role/updateEnable]}" onto public com.aijiu.common.utils.R com.aijiu.system.controller.RoleController.updateEnable(java.lang.Long,java.lang.Integer)
2021-01-19 11:38:01 -Mapped "{[/sys/online/list]}" onto public java.util.List<com.aijiu.system.domain.UserOnline> com.aijiu.system.controller.SessionController.list()
2021-01-19 11:38:01 -Mapped "{[/sys/online/forceLogout/{sessionId}]}" onto public com.aijiu.common.utils.R com.aijiu.system.controller.SessionController.forceLogout(java.lang.String,org.springframework.web.servlet.mvc.support.RedirectAttributes)
2021-01-19 11:38:01 -Mapped "{[/sys/online],methods=[GET]}" onto public java.lang.String com.aijiu.system.controller.SessionController.online()
2021-01-19 11:38:01 -Mapped "{[/sys/online/sessionList]}" onto public java.util.Collection<org.apache.shiro.session.Session> com.aijiu.system.controller.SessionController.sessionList()
2021-01-19 11:38:01 -Mapped "{[/sys/user/exit],methods=[POST]}" onto boolean com.aijiu.system.controller.UserController.exit(java.util.Map<java.lang.String, java.lang.Object>)
2021-01-19 11:38:01 -Mapped "{[/sys/user/add],methods=[GET]}" onto java.lang.String com.aijiu.system.controller.UserController.add(org.springframework.ui.Model)
2021-01-19 11:38:01 -Mapped "{[/sys/user/remove],methods=[POST]}" onto com.aijiu.common.utils.R com.aijiu.system.controller.UserController.remove(java.lang.Long)
2021-01-19 11:38:01 -Mapped "{[/sys/user/update],methods=[POST]}" onto com.aijiu.common.utils.R com.aijiu.system.controller.UserController.update(com.aijiu.system.domain.UserDO)
2021-01-19 11:38:01 -Mapped "{[/sys/user/list],methods=[GET]}" onto com.aijiu.common.utils.PageUtils com.aijiu.system.controller.UserController.list(java.util.Map<java.lang.String, java.lang.Object>)
2021-01-19 11:38:01 -Mapped "{[/sys/user/save],methods=[POST]}" onto com.aijiu.common.utils.R com.aijiu.system.controller.UserController.save(com.aijiu.system.domain.UserDO)
2021-01-19 11:38:01 -Mapped "{[/sys/user/batchRemove],methods=[POST]}" onto com.aijiu.common.utils.R com.aijiu.system.controller.UserController.batchRemove(java.lang.Long[])
2021-01-19 11:38:01 -Mapped "{[/sys/user/tree],methods=[GET]}" onto public com.aijiu.common.domain.Tree<com.aijiu.system.domain.DeptDO> com.aijiu.system.controller.UserController.tree()
2021-01-19 11:38:01 -Mapped "{[/sys/user],methods=[GET]}" onto java.lang.String com.aijiu.system.controller.UserController.user(org.springframework.ui.Model)
2021-01-19 11:38:01 -Mapped "{[/sys/user/edit/{id}],methods=[GET]}" onto java.lang.String com.aijiu.system.controller.UserController.edit(org.springframework.ui.Model,java.lang.Long)
2021-01-19 11:38:01 -Mapped "{[/sys/user/treeView],methods=[GET]}" onto java.lang.String com.aijiu.system.controller.UserController.treeView()
2021-01-19 11:38:01 -Mapped "{[/sys/user/uploadImg],methods=[POST]}" onto com.aijiu.common.utils.R com.aijiu.system.controller.UserController.uploadImg(org.springframework.web.multipart.MultipartFile,java.lang.String,javax.servlet.http.HttpServletRequest)
2021-01-19 11:38:01 -Mapped "{[/sys/user/adminResetPwd],methods=[POST]}" onto com.aijiu.common.utils.R com.aijiu.system.controller.UserController.adminResetPwd(com.aijiu.system.vo.UserVO)
2021-01-19 11:38:01 -Mapped "{[/sys/user/resetPwd],methods=[POST]}" onto com.aijiu.common.utils.R com.aijiu.system.controller.UserController.resetPwd(com.aijiu.system.vo.UserVO)
2021-01-19 11:38:01 -Mapped "{[/sys/user/resetPwd/{id}],methods=[GET]}" onto java.lang.String com.aijiu.system.controller.UserController.resetPwd(java.lang.Long,org.springframework.ui.Model)
2021-01-19 11:38:01 -Mapped "{[/sys/user/updatePeronal],methods=[POST]}" onto com.aijiu.common.utils.R com.aijiu.system.controller.UserController.updatePeronal(com.aijiu.system.domain.UserDO)
2021-01-19 11:38:01 -Mapped "{[/sys/user/personal],methods=[GET]}" onto java.lang.String com.aijiu.system.controller.UserController.personal(org.springframework.ui.Model)
2021-01-19 11:38:01 -Mapped "{[/v2/api-docs],methods=[GET],produces=[application/json || application/hal+json]}" onto public org.springframework.http.ResponseEntity<springfox.documentation.spring.web.json.Json> springfox.documentation.swagger2.web.Swagger2Controller.getDocumentation(java.lang.String,javax.servlet.http.HttpServletRequest)
2021-01-19 11:38:01 -Mapped "{[/swagger-resources/configuration/security]}" onto org.springframework.http.ResponseEntity<springfox.documentation.swagger.web.SecurityConfiguration> springfox.documentation.swagger.web.ApiResourceController.securityConfiguration()
2021-01-19 11:38:01 -Mapped "{[/swagger-resources/configuration/ui]}" onto org.springframework.http.ResponseEntity<springfox.documentation.swagger.web.UiConfiguration> springfox.documentation.swagger.web.ApiResourceController.uiConfiguration()
2021-01-19 11:38:01 -Mapped "{[/swagger-resources]}" onto org.springframework.http.ResponseEntity<java.util.List<springfox.documentation.swagger.web.SwaggerResource>> springfox.documentation.swagger.web.ApiResourceController.swaggerResources()
2021-01-19 11:38:01 -Initializing ExecutorService  'messageBrokerTaskScheduler'
2021-01-19 11:38:01 -Mapped URL path [/endpointChat/**] onto handler of type [class org.springframework.web.socket.sockjs.support.SockJsHttpRequestHandler]
2021-01-19 11:38:01 -Initializing ExecutorService  'brokerChannelExecutor'
2021-01-19 11:38:02 -Looking for @ControllerAdvice: org.springframework.boot.context.embedded.AnnotationConfigEmbeddedWebApplicationContext@4efac082: startup date [Tue Jan 19 11:37:54 CST 2021]; root of context hierarchy
2021-01-19 11:38:02 -Mapped URL path [/files/**] onto handler of type [class org.springframework.web.servlet.resource.ResourceHttpRequestHandler]
2021-01-19 11:38:02 -Mapped URL path [/webjars/**] onto handler of type [class org.springframework.web.servlet.resource.ResourceHttpRequestHandler]
2021-01-19 11:38:02 -Mapped URL path [/**] onto handler of type [class org.springframework.web.servlet.resource.ResourceHttpRequestHandler]
2021-01-19 11:38:02 -Detected @ExceptionHandler methods in BDExceptionHandler
2021-01-19 11:38:02 -Mapped URL path [/**/favicon.ico] onto handler of type [class org.springframework.web.servlet.resource.ResourceHttpRequestHandler]
2021-01-19 11:38:03 -

Using default security password: 9028dda9-c563-47a0-b089-e7c3de588783

2021-01-19 11:38:03 -Creating filter chain: OrRequestMatcher [requestMatchers=[Ant [pattern='/css/**'], Ant [pattern='/js/**'], Ant [pattern='/images/**'], Ant [pattern='/webjars/**'], Ant [pattern='/**/favicon.ico'], Ant [pattern='/error']]], []
2021-01-19 11:38:03 -Creating filter chain: org.springframework.boot.autoconfigure.security.SpringBootWebSecurityConfiguration$ApplicationNoWebSecurityConfigurerAdapter$1@48f4f03e, [org.springframework.security.web.context.request.async.WebAsyncManagerIntegrationFilter@65d23aa3, org.springframework.security.web.context.SecurityContextPersistenceFilter@2b41b8bb, org.springframework.security.web.header.HeaderWriterFilter@1214c98b, org.springframework.security.web.csrf.CsrfFilter@5dd3727c, org.springframework.security.web.authentication.logout.LogoutFilter@1bd59b82, org.springframework.security.web.savedrequest.RequestCacheAwareFilter@300aa927, org.springframework.security.web.servletapi.SecurityContextHolderAwareRequestFilter@6c9151c1, org.springframework.security.web.authentication.AnonymousAuthenticationFilter@52eca410, org.springframework.security.web.session.SessionManagementFilter@21d8da75, org.springframework.security.web.access.ExceptionTranslationFilter@4627dfda]
2021-01-19 11:38:03 -Registering beans for JMX exposure on startup
2021-01-19 11:38:03 -Bean with name 'dataSource' has been autodetected for JMX exposure
2021-01-19 11:38:03 -Located MBean 'dataSource': registering with JMX server as MBean [com.alibaba.druid.pool:name=dataSource,type=DruidDataSource]
2021-01-19 11:38:03 -Starting beans in phase 2147483647
2021-01-19 11:38:03 -Context refreshed
2021-01-19 11:38:03 -Found 1 custom documentation plugin(s)
2021-01-19 11:38:03 -Scanning for api listing references
2021-01-19 11:38:03 -Generating unique operation named: removeUsingPOST_1
2021-01-19 11:38:03 -Generating unique operation named: addUsingGET_1
2021-01-19 11:38:03 -Generating unique operation named: editUsingGET_1
2021-01-19 11:38:03 -Generating unique operation named: listUsingGET_1
2021-01-19 11:38:03 -Generating unique operation named: removeUsingPOST_2
2021-01-19 11:38:03 -Generating unique operation named: removeUsingPOST_3
2021-01-19 11:38:03 -Generating unique operation named: saveUsingPOST_1
2021-01-19 11:38:03 -Generating unique operation named: updateUsingGET_1
2021-01-19 11:38:03 -Generating unique operation named: updateUsingHEAD_1
2021-01-19 11:38:03 -Generating unique operation named: updateUsingPOST_1
2021-01-19 11:38:03 -Generating unique operation named: updateUsingPUT_1
2021-01-19 11:38:03 -Generating unique operation named: updateUsingPATCH_1
2021-01-19 11:38:03 -Generating unique operation named: updateUsingDELETE_1
2021-01-19 11:38:03 -Generating unique operation named: updateUsingOPTIONS_1
2021-01-19 11:38:03 -Generating unique operation named: updateUsingTRACE_1
2021-01-19 11:38:03 -Generating unique operation named: addUsingGET_2
2021-01-19 11:38:03 -Generating unique operation named: editUsingGET_2
2021-01-19 11:38:03 -Generating unique operation named: listUsingGET_2
2021-01-19 11:38:03 -Generating unique operation named: removeUsingPOST_4
2021-01-19 11:38:03 -Generating unique operation named: removeUsingPOST_5
2021-01-19 11:38:03 -Generating unique operation named: saveUsingPOST_2
2021-01-19 11:38:03 -Generating unique operation named: updateUsingGET_2
2021-01-19 11:38:03 -Generating unique operation named: updateUsingHEAD_2
2021-01-19 11:38:03 -Generating unique operation named: updateUsingPOST_2
2021-01-19 11:38:03 -Generating unique operation named: updateUsingPUT_2
2021-01-19 11:38:03 -Generating unique operation named: updateUsingPATCH_2
2021-01-19 11:38:03 -Generating unique operation named: updateUsingDELETE_2
2021-01-19 11:38:03 -Generating unique operation named: updateUsingOPTIONS_2
2021-01-19 11:38:03 -Generating unique operation named: updateUsingTRACE_2
2021-01-19 11:38:03 -Generating unique operation named: addUsingGET_3
2021-01-19 11:38:03 -Generating unique operation named: editUsingGET_3
2021-01-19 11:38:03 -Generating unique operation named: listUsingGET_3
2021-01-19 11:38:03 -Generating unique operation named: removeUsingPOST_6
2021-01-19 11:38:03 -Generating unique operation named: removeUsingPOST_7
2021-01-19 11:38:03 -Generating unique operation named: saveUsingPOST_3
2021-01-19 11:38:03 -Generating unique operation named: updateUsingGET_3
2021-01-19 11:38:03 -Generating unique operation named: updateUsingHEAD_3
2021-01-19 11:38:03 -Generating unique operation named: updateUsingPOST_3
2021-01-19 11:38:03 -Generating unique operation named: updateUsingPUT_3
2021-01-19 11:38:03 -Generating unique operation named: updateUsingPATCH_3
2021-01-19 11:38:03 -Generating unique operation named: updateUsingDELETE_3
2021-01-19 11:38:03 -Generating unique operation named: updateUsingOPTIONS_3
2021-01-19 11:38:03 -Generating unique operation named: updateUsingTRACE_3
2021-01-19 11:38:03 -Generating unique operation named: addUsingGET_4
2021-01-19 11:38:03 -Generating unique operation named: editUsingGET_4
2021-01-19 11:38:03 -Generating unique operation named: listUsingGET_4
2021-01-19 11:38:03 -Generating unique operation named: removeUsingPOST_8
2021-01-19 11:38:03 -Generating unique operation named: removeUsingPOST_9
2021-01-19 11:38:03 -Generating unique operation named: saveUsingPOST_4
2021-01-19 11:38:03 -Generating unique operation named: updateUsingGET_4
2021-01-19 11:38:03 -Generating unique operation named: updateUsingHEAD_4
2021-01-19 11:38:03 -Generating unique operation named: updateUsingPOST_4
2021-01-19 11:38:03 -Generating unique operation named: updateUsingPUT_4
2021-01-19 11:38:03 -Generating unique operation named: updateUsingPATCH_4
2021-01-19 11:38:03 -Generating unique operation named: updateUsingDELETE_4
2021-01-19 11:38:03 -Generating unique operation named: updateUsingOPTIONS_4
2021-01-19 11:38:03 -Generating unique operation named: updateUsingTRACE_4
2021-01-19 11:38:03 -Generating unique operation named: addUsingGET_5
2021-01-19 11:38:03 -Generating unique operation named: editUsingGET_5
2021-01-19 11:38:03 -Generating unique operation named: infoUsingGET_1
2021-01-19 11:38:03 -Generating unique operation named: infoUsingHEAD_1
2021-01-19 11:38:03 -Generating unique operation named: infoUsingPOST_1
2021-01-19 11:38:03 -Generating unique operation named: infoUsingPUT_1
2021-01-19 11:38:03 -Generating unique operation named: infoUsingPATCH_1
2021-01-19 11:38:03 -Generating unique operation named: infoUsingDELETE_1
2021-01-19 11:38:03 -Generating unique operation named: infoUsingOPTIONS_1
2021-01-19 11:38:03 -Generating unique operation named: infoUsingTRACE_1
2021-01-19 11:38:03 -Generating unique operation named: listUsingGET_5
2021-01-19 11:38:03 -Generating unique operation named: removeUsingPOST_10
2021-01-19 11:38:03 -Generating unique operation named: removeUsingPOST_11
2021-01-19 11:38:03 -Generating unique operation named: saveUsingPOST_5
2021-01-19 11:38:03 -Generating unique operation named: sysFileUsingGET_1
2021-01-19 11:38:03 -Generating unique operation named: updateUsingGET_5
2021-01-19 11:38:03 -Generating unique operation named: updateUsingHEAD_5
2021-01-19 11:38:03 -Generating unique operation named: updateUsingPOST_5
2021-01-19 11:38:03 -Generating unique operation named: updateUsingPUT_5
2021-01-19 11:38:03 -Generating unique operation named: updateUsingPATCH_5
2021-01-19 11:38:03 -Generating unique operation named: updateUsingDELETE_5
2021-01-19 11:38:03 -Generating unique operation named: updateUsingOPTIONS_5
2021-01-19 11:38:03 -Generating unique operation named: updateUsingTRACE_5
2021-01-19 11:38:03 -Generating unique operation named: uploadUsingPOST_1
2021-01-19 11:38:03 -Generating unique operation named: editUsingGET_6
2021-01-19 11:38:03 -Generating unique operation named: listUsingGET_6
2021-01-19 11:38:03 -Generating unique operation named: updateUsingPOST_6
2021-01-19 11:38:03 -Generating unique operation named: addUsingGET_6
2021-01-19 11:38:03 -Generating unique operation named: editUsingGET_7
2021-01-19 11:38:03 -Generating unique operation named: infoUsingGET_2
2021-01-19 11:38:04 -Generating unique operation named: infoUsingHEAD_2
2021-01-19 11:38:04 -Generating unique operation named: infoUsingPOST_2
2021-01-19 11:38:04 -Generating unique operation named: infoUsingPUT_2
2021-01-19 11:38:04 -Generating unique operation named: infoUsingPATCH_2
2021-01-19 11:38:04 -Generating unique operation named: infoUsingDELETE_2
2021-01-19 11:38:04 -Generating unique operation named: infoUsingOPTIONS_2
2021-01-19 11:38:04 -Generating unique operation named: infoUsingTRACE_2
2021-01-19 11:38:04 -Generating unique operation named: listUsingGET_7
2021-01-19 11:38:04 -Generating unique operation named: removeUsingPOST_12
2021-01-19 11:38:04 -Generating unique operation named: removeUsingPOST_13
2021-01-19 11:38:04 -Generating unique operation named: saveUsingPOST_6
2021-01-19 11:38:04 -Generating unique operation named: updateUsingPOST_7
2021-01-19 11:38:04 -Generating unique operation named: editUsingGET_8
2021-01-19 11:38:04 -Generating unique operation named: listUsingGET_8
2021-01-19 11:38:04 -Generating unique operation named: removeUsingPOST_14
2021-01-19 11:38:04 -Generating unique operation named: updateEnableUsingGET_1
2021-01-19 11:38:04 -Generating unique operation named: updateEnableUsingHEAD_1
2021-01-19 11:38:04 -Generating unique operation named: updateEnableUsingPOST_1
2021-01-19 11:38:04 -Generating unique operation named: updateEnableUsingPUT_1
2021-01-19 11:38:04 -Generating unique operation named: updateEnableUsingPATCH_1
2021-01-19 11:38:04 -Generating unique operation named: updateEnableUsingDELETE_1
2021-01-19 11:38:04 -Generating unique operation named: updateEnableUsingOPTIONS_1
2021-01-19 11:38:04 -Generating unique operation named: updateEnableUsingTRACE_1
2021-01-19 11:38:04 -Generating unique operation named: editUsingGET_9
2021-01-19 11:38:04 -Generating unique operation named: listUsingGET_9
2021-01-19 11:38:04 -Generating unique operation named: removeUsingPOST_15
2021-01-19 11:38:04 -Generating unique operation named: saveUsingPOST_7
2021-01-19 11:38:04 -Generating unique operation named: updateUsingGET_6
2021-01-19 11:38:04 -Generating unique operation named: updateUsingHEAD_6
2021-01-19 11:38:04 -Generating unique operation named: updateUsingPOST_8
2021-01-19 11:38:04 -Generating unique operation named: updateUsingPUT_6
2021-01-19 11:38:04 -Generating unique operation named: updateUsingPATCH_6
2021-01-19 11:38:04 -Generating unique operation named: updateUsingDELETE_6
2021-01-19 11:38:04 -Generating unique operation named: updateUsingOPTIONS_6
2021-01-19 11:38:04 -Generating unique operation named: updateUsingTRACE_6
2021-01-19 11:38:04 -Generating unique operation named: listUsingGET_10
2021-01-19 11:38:04 -Generating unique operation named: removeUsingPOST_16
2021-01-19 11:38:04 -Generating unique operation named: welcomeUsingGET_1
2021-01-19 11:38:04 -Generating unique operation named: addUsingGET_7
2021-01-19 11:38:04 -Generating unique operation named: editUsingGET_10
2021-01-19 11:38:04 -Generating unique operation named: listUsingGET_11
2021-01-19 11:38:04 -Generating unique operation named: removeUsingPOST_17
2021-01-19 11:38:04 -Generating unique operation named: saveUsingPOST_8
2021-01-19 11:38:04 -Generating unique operation named: treeUsingGET_1
2021-01-19 11:38:04 -Generating unique operation named: treeUsingGET_2
2021-01-19 11:38:04 -Generating unique operation named: updateUsingPOST_9
2021-01-19 11:38:04 -Generating unique operation named: addUsingGET_8
2021-01-19 11:38:04 -Generating unique operation named: editUsingGET_11
2021-01-19 11:38:04 -Generating unique operation named: listUsingGET_12
2021-01-19 11:38:04 -Generating unique operation named: removeUsingPOST_18
2021-01-19 11:38:04 -Generating unique operation named: removeUsingPOST_19
2021-01-19 11:38:04 -Generating unique operation named: saveUsingPOST_9
2021-01-19 11:38:04 -Generating unique operation named: updateUsingGET_7
2021-01-19 11:38:04 -Generating unique operation named: updateUsingHEAD_7
2021-01-19 11:38:04 -Generating unique operation named: updateUsingPOST_10
2021-01-19 11:38:04 -Generating unique operation named: updateUsingPUT_7
2021-01-19 11:38:04 -Generating unique operation named: updateUsingPATCH_7
2021-01-19 11:38:04 -Generating unique operation named: updateUsingDELETE_7
2021-01-19 11:38:04 -Generating unique operation named: updateUsingOPTIONS_7
2021-01-19 11:38:04 -Generating unique operation named: updateUsingTRACE_7
2021-01-19 11:38:04 -Generating unique operation named: addUsingGET_9
2021-01-19 11:38:04 -Generating unique operation named: editUsingGET_12
2021-01-19 11:38:04 -Generating unique operation named: listUsingGET_13
2021-01-19 11:38:04 -Generating unique operation named: removeUsingPOST_20
2021-01-19 11:38:04 -Generating unique operation named: removeUsingPOST_21
2021-01-19 11:38:04 -Generating unique operation named: saveUsingPOST_10
2021-01-19 11:38:04 -Generating unique operation named: updateUsingGET_8
2021-01-19 11:38:04 -Generating unique operation named: updateUsingHEAD_8
2021-01-19 11:38:04 -Generating unique operation named: updateUsingPOST_11
2021-01-19 11:38:04 -Generating unique operation named: updateUsingPUT_8
2021-01-19 11:38:04 -Generating unique operation named: updateUsingPATCH_8
2021-01-19 11:38:04 -Generating unique operation named: updateUsingDELETE_8
2021-01-19 11:38:04 -Generating unique operation named: updateUsingOPTIONS_8
2021-01-19 11:38:04 -Generating unique operation named: updateUsingTRACE_8
2021-01-19 11:38:04 -Generating unique operation named: addUsingGET_10
2021-01-19 11:38:04 -Generating unique operation named: editUsingGET_13
2021-01-19 11:38:04 -Generating unique operation named: listUsingGET_14
2021-01-19 11:38:04 -Generating unique operation named: removeUsingPOST_22
2021-01-19 11:38:04 -Generating unique operation named: removeUsingPOST_23
2021-01-19 11:38:04 -Generating unique operation named: saveUsingPOST_11
2021-01-19 11:38:04 -Generating unique operation named: updateUsingGET_9
2021-01-19 11:38:04 -Generating unique operation named: updateUsingHEAD_9
2021-01-19 11:38:04 -Generating unique operation named: updateUsingPOST_12
2021-01-19 11:38:04 -Generating unique operation named: updateUsingPUT_9
2021-01-19 11:38:04 -Generating unique operation named: updateUsingPATCH_9
2021-01-19 11:38:04 -Generating unique operation named: updateUsingDELETE_9
2021-01-19 11:38:04 -Generating unique operation named: updateUsingOPTIONS_9
2021-01-19 11:38:04 -Generating unique operation named: updateUsingTRACE_9
2021-01-19 11:38:04 -Generating unique operation named: addUsingGET_11
2021-01-19 11:38:04 -Generating unique operation named: editUsingGET_14
2021-01-19 11:38:04 -Generating unique operation named: listUsingGET_15
2021-01-19 11:38:04 -Generating unique operation named: removeUsingPOST_24
2021-01-19 11:38:04 -Generating unique operation named: removeUsingPOST_25
2021-01-19 11:38:04 -Generating unique operation named: saveUsingPOST_12
2021-01-19 11:38:04 -Generating unique operation named: updateUsingGET_10
2021-01-19 11:38:04 -Generating unique operation named: updateUsingHEAD_10
2021-01-19 11:38:04 -Generating unique operation named: updateUsingPOST_13
2021-01-19 11:38:04 -Generating unique operation named: updateUsingPUT_10
2021-01-19 11:38:04 -Generating unique operation named: updateUsingPATCH_10
2021-01-19 11:38:04 -Generating unique operation named: updateUsingDELETE_10
2021-01-19 11:38:04 -Generating unique operation named: updateUsingOPTIONS_10
2021-01-19 11:38:04 -Generating unique operation named: updateUsingTRACE_10
2021-01-19 11:38:04 -Generating unique operation named: addUsingGET_12
2021-01-19 11:38:04 -Generating unique operation named: editUsingGET_15
2021-01-19 11:38:04 -Generating unique operation named: listUsingGET_16
2021-01-19 11:38:04 -Generating unique operation named: removeUsingPOST_26
2021-01-19 11:38:04 -Generating unique operation named: removeUsingPOST_27
2021-01-19 11:38:04 -Generating unique operation named: saveUsingPOST_13
2021-01-19 11:38:04 -Generating unique operation named: updateUsingGET_11
2021-01-19 11:38:04 -Generating unique operation named: updateUsingHEAD_11
2021-01-19 11:38:04 -Generating unique operation named: updateUsingPOST_14
2021-01-19 11:38:04 -Generating unique operation named: updateUsingPUT_11
2021-01-19 11:38:04 -Generating unique operation named: updateUsingPATCH_11
2021-01-19 11:38:04 -Generating unique operation named: updateUsingDELETE_11
2021-01-19 11:38:04 -Generating unique operation named: updateUsingOPTIONS_11
2021-01-19 11:38:04 -Generating unique operation named: updateUsingTRACE_11
2021-01-19 11:38:04 -Generating unique operation named: addUsingGET_13
2021-01-19 11:38:04 -Generating unique operation named: batchRemoveUsingPOST_1
2021-01-19 11:38:04 -Generating unique operation named: editUsingGET_16
2021-01-19 11:38:04 -Generating unique operation named: listUsingGET_17
2021-01-19 11:38:04 -Generating unique operation named: saveUsingPOST_14
2021-01-19 11:38:04 -Generating unique operation named: saveUsingPOST_15
2021-01-19 11:38:04 -Generating unique operation named: updateUsingPOST_15
2021-01-19 11:38:04 -Generating unique operation named: updateEnableUsingGET_2
2021-01-19 11:38:04 -Generating unique operation named: updateEnableUsingHEAD_2
2021-01-19 11:38:04 -Generating unique operation named: updateEnableUsingPOST_2
2021-01-19 11:38:04 -Generating unique operation named: updateEnableUsingPUT_2
2021-01-19 11:38:04 -Generating unique operation named: updateEnableUsingPATCH_2
2021-01-19 11:38:04 -Generating unique operation named: updateEnableUsingDELETE_2
2021-01-19 11:38:04 -Generating unique operation named: updateEnableUsingOPTIONS_2
2021-01-19 11:38:04 -Generating unique operation named: updateEnableUsingTRACE_2
2021-01-19 11:38:04 -Generating unique operation named: addUsingGET_14
2021-01-19 11:38:04 -Generating unique operation named: editUsingGET_17
2021-01-19 11:38:04 -Generating unique operation named: listUsingGET_18
2021-01-19 11:38:04 -Generating unique operation named: removeUsingPOST_28
2021-01-19 11:38:04 -Generating unique operation named: removeUsingPOST_29
2021-01-19 11:38:04 -Generating unique operation named: saveUsingPOST_16
2021-01-19 11:38:04 -Generating unique operation named: updateUsingGET_12
2021-01-19 11:38:04 -Generating unique operation named: updateUsingHEAD_12
2021-01-19 11:38:04 -Generating unique operation named: updateUsingPOST_16
2021-01-19 11:38:04 -Generating unique operation named: updateUsingPUT_12
2021-01-19 11:38:04 -Generating unique operation named: updateUsingPATCH_12
2021-01-19 11:38:04 -Generating unique operation named: updateUsingDELETE_12
2021-01-19 11:38:04 -Generating unique operation named: updateUsingOPTIONS_12
2021-01-19 11:38:04 -Generating unique operation named: updateUsingTRACE_12
2021-01-19 11:38:04 -Generating unique operation named: listUsingGET_19
2021-01-19 11:38:04 -Generating unique operation named: listUsingHEAD_1
2021-01-19 11:38:04 -Generating unique operation named: listUsingPOST_1
2021-01-19 11:38:04 -Generating unique operation named: listUsingPUT_1
2021-01-19 11:38:04 -Generating unique operation named: listUsingPATCH_1
2021-01-19 11:38:04 -Generating unique operation named: listUsingDELETE_1
2021-01-19 11:38:04 -Generating unique operation named: listUsingOPTIONS_1
2021-01-19 11:38:04 -Generating unique operation named: listUsingTRACE_1
2021-01-19 11:38:04 -Generating unique operation named: addUsingGET_15
2021-01-19 11:38:04 -Generating unique operation named: batchRemoveUsingPOST_2
2021-01-19 11:38:04 -Generating unique operation named: editUsingGET_18
2021-01-19 11:38:04 -Generating unique operation named: listUsingGET_20
2021-01-19 11:38:04 -Generating unique operation named: removeUsingPOST_30
2021-01-19 11:38:04 -Generating unique operation named: saveUsingPOST_17
2021-01-19 11:38:04 -Generating unique operation named: treeUsingGET_3
2021-01-19 11:38:04 -Generating unique operation named: treeViewUsingGET_1
2021-01-19 11:38:04 -Generating unique operation named: updateUsingPOST_17
2021-01-19 11:38:04 -Generating unique operation named: addUsingGET_16
2021-01-19 11:38:04 -Generating unique operation named: editUsingGET_19
2021-01-19 11:38:04 -Generating unique operation named: listUsingGET_21
2021-01-19 11:38:04 -Generating unique operation named: removeUsingPOST_31
2021-01-19 11:38:04 -Generating unique operation named: removeUsingPOST_32
2021-01-19 11:38:04 -Generating unique operation named: saveUsingPOST_18
2021-01-19 11:38:04 -Generating unique operation named: updateUsingGET_13
2021-01-19 11:38:04 -Generating unique operation named: updateUsingHEAD_13
2021-01-19 11:38:04 -Generating unique operation named: updateUsingPOST_18
2021-01-19 11:38:04 -Generating unique operation named: updateUsingPUT_13
2021-01-19 11:38:04 -Generating unique operation named: updateUsingPATCH_13
2021-01-19 11:38:04 -Generating unique operation named: updateUsingDELETE_13
2021-01-19 11:38:04 -Generating unique operation named: updateUsingOPTIONS_13
2021-01-19 11:38:04 -Generating unique operation named: updateUsingTRACE_13
2021-01-19 11:38:04 -Generating unique operation named: addUsingGET_17
2021-01-19 11:38:04 -Generating unique operation named: editUsingGET_20
2021-01-19 11:38:04 -Generating unique operation named: listUsingGET_22
2021-01-19 11:38:04 -Generating unique operation named: removeUsingPOST_33
2021-01-19 11:38:04 -Generating unique operation named: removeUsingPOST_34
2021-01-19 11:38:04 -Generating unique operation named: saveUsingPOST_19
2021-01-19 11:38:04 -Generating unique operation named: updateUsingGET_14
2021-01-19 11:38:04 -Generating unique operation named: updateUsingHEAD_14
2021-01-19 11:38:04 -Generating unique operation named: updateUsingPOST_19
2021-01-19 11:38:04 -Generating unique operation named: updateUsingPUT_14
2021-01-19 11:38:04 -Generating unique operation named: updateUsingPATCH_14
2021-01-19 11:38:04 -Generating unique operation named: updateUsingDELETE_14
2021-01-19 11:38:04 -Generating unique operation named: updateUsingOPTIONS_14
2021-01-19 11:38:04 -Generating unique operation named: updateUsingTRACE_14
2021-01-19 11:38:04 -Generating unique operation named: addUsingGET_18
2021-01-19 11:38:04 -Generating unique operation named: editUsingGET_21
2021-01-19 11:38:04 -Generating unique operation named: listUsingGET_23
2021-01-19 11:38:04 -Generating unique operation named: removeUsingPOST_35
2021-01-19 11:38:04 -Generating unique operation named: removeUsingPOST_36
2021-01-19 11:38:04 -Generating unique operation named: saveUsingPOST_20
2021-01-19 11:38:04 -Generating unique operation named: updateUsingGET_15
2021-01-19 11:38:04 -Generating unique operation named: updateUsingHEAD_15
2021-01-19 11:38:04 -Generating unique operation named: updateUsingPOST_20
2021-01-19 11:38:04 -Generating unique operation named: updateUsingPUT_15
2021-01-19 11:38:04 -Generating unique operation named: updateUsingPATCH_15
2021-01-19 11:38:04 -Generating unique operation named: updateUsingDELETE_15
2021-01-19 11:38:04 -Generating unique operation named: updateUsingOPTIONS_15
2021-01-19 11:38:04 -Generating unique operation named: updateUsingTRACE_15
2021-01-19 11:38:04 -Starting Quartz Scheduler now
2021-01-19 11:38:04 -Scheduler schedulerFactoryBean_$_NON_CLUSTERED started.
2021-01-19 11:38:04 -Starting...
2021-01-19 11:38:04 -BrokerAvailabilityEvent[available=true, SimpleBrokerMessageHandler [DefaultSubscriptionRegistry[cache[0 destination(s)], registry[0 sessions]]]]
2021-01-19 11:38:04 -Started.
2021-01-19 11:38:04 -Initializing ProtocolHandler ["http-nio-8066"]
2021-01-19 11:38:04 -Starting ProtocolHandler ["http-nio-8066"]
2021-01-19 11:38:04 -Using a shared selector for servlet write/read
2021-01-19 11:38:04 -Tomcat started on port(s): 8066 (http)
2021-01-19 11:38:04 -Started BootdoApplication in 10.605 seconds (JVM running for 12.556)
2021-01-19 11:38:30 -Initializing Spring FrameworkServlet 'dispatcherServlet'
2021-01-19 11:38:30 -FrameworkServlet 'dispatcherServlet': initialization started
2021-01-19 11:38:30 -FrameworkServlet 'dispatcherServlet': initialization completed in 25 ms
2021-01-19 11:38:31 -Enabling session validation scheduler...
2021-01-19 11:38:31 - : http://localhost:8066/login;JSESSIONID=6163e4d6-e401-41cf-b744-e2043b1bb31b
2021-01-19 11:38:31 -HTTP METHOD : GET
2021-01-19 11:38:31 -CLASS_METHOD : com.aijiu.system.controller.LoginController.login
2021-01-19 11:38:31 - : []
2021-01-19 11:38:31 - : 1
2021-01-19 11:38:31 -[THYMELEAF] INITIALIZING TEMPLATE ENGINE
2021-01-19 11:38:31 -[THYMELEAF] INITIALIZING TEMPLATE RESOLVER: org.thymeleaf.spring4.templateresolver.SpringResourceTemplateResolver
2021-01-19 11:38:31 -[THYMELEAF] TEMPLATE RESOLVER INITIALIZED OK
2021-01-19 11:38:31 -[THYMELEAF] INITIALIZING MESSAGE RESOLVER: org.thymeleaf.spring4.messageresolver.SpringMessageResolver
2021-01-19 11:38:31 -[THYMELEAF] MESSAGE RESOLVER INITIALIZED OK
2021-01-19 11:38:31 -[THYMELEAF] TEMPLATE ENGINE CONFIGURATION:
[THYMELEAF] * Cache Factory implementation: org.thymeleaf.cache.StandardCacheManager
[THYMELEAF] * Template modes:
[THYMELEAF]     * LEGACYHTML5
[THYMELEAF]     * VALIDXHTML
[THYMELEAF]     * XML
[THYMELEAF]     * VALIDXML
[THYMELEAF]     * XHTML
[THYMELEAF]     * HTML5
[THYMELEAF] * Template resolvers (in order):
[THYMELEAF]     * org.thymeleaf.spring4.templateresolver.SpringResourceTemplateResolver
[THYMELEAF] * Message resolvers (in order):
[THYMELEAF]     * org.thymeleaf.spring4.messageresolver.SpringMessageResolver
[THYMELEAF] * Dialect [1 of 3]: org.thymeleaf.spring4.dialect.SpringStandardDialect
[THYMELEAF]     * Prefix: "th"
[THYMELEAF] * Dialect [2 of 3]: at.pollux.thymeleaf.shiro.dialect.ShiroDialect
[THYMELEAF]     * Prefix: "shiro"
[THYMELEAF] * Dialect [3 of 3]: nz.net.ultraq.thymeleaf.LayoutDialect
[THYMELEAF]     * Prefix: "layout"
[THYMELEAF] TEMPLATE ENGINE CONFIGURED OK
2021-01-19 11:38:31 -[THYMELEAF] TEMPLATE ENGINE INITIALIZED
2021-01-19 11:38:35 - : http://localhost:8066/login
2021-01-19 11:38:35 -HTTP METHOD : GET
2021-01-19 11:38:35 -CLASS_METHOD : com.aijiu.system.controller.LoginController.login
2021-01-19 11:38:35 - : []
2021-01-19 11:38:35 - : 0
2021-01-19 11:38:51 - : http://localhost:8066/
2021-01-19 11:38:51 -HTTP METHOD : GET
2021-01-19 11:38:51 -CLASS_METHOD : com.aijiu.system.controller.LoginController.welcome
2021-01-19 11:38:51 - : [{}]
2021-01-19 11:38:51 - : 0
2021-01-19 11:38:51 - : http://localhost:8066/login
2021-01-19 11:38:51 -HTTP METHOD : GET
2021-01-19 11:38:51 -CLASS_METHOD : com.aijiu.system.controller.LoginController.login
2021-01-19 11:38:51 - : []
2021-01-19 11:38:51 - : 0
2021-01-19 11:38:52 - : http://localhost:8066/login
2021-01-19 11:38:52 -HTTP METHOD : GET
2021-01-19 11:38:52 -CLASS_METHOD : com.aijiu.system.controller.LoginController.login
2021-01-19 11:38:52 - : []
2021-01-19 11:38:52 - : 0
2021-01-19 11:39:01 -WebSocketSession[0 current WS(0)-HttpStream(0)-HttpPoll(0), 0 total, 0 closed abnormally (0 connect failure, 0 send limit, 0 transport error)], stompSubProtocol[processed CONNECT(0)-CONNECTED(0)-DISCONNECT(0)], stompBrokerRelay[null], inboundChannel[pool size = 0, active threads = 0, queued tasks = 0, completed tasks = 0], outboundChannelpool size = 0, active threads = 0, queued tasks = 0, completed tasks = 0], sockJsScheduler[pool size = 1, active threads = 1, queued tasks = 0, completed tasks = 0]
2021-01-19 11:39:13 - : http://localhost:8066/login
2021-01-19 11:39:13 -HTTP METHOD : POST
2021-01-19 11:39:13 -CLASS_METHOD : com.aijiu.system.controller.LoginController.ajaxLogin
2021-01-19 11:39:13 - : [admin, 111111]
2021-01-19 11:39:13 - : 39
2021-01-19 11:39:13 -More than one TaskExecutor bean found within the context, and none is named 'taskExecutor'. Mark one of them as primary or name it 'taskExecutor' (possibly as an alias) in order to use it for async processing: [clientInboundChannelExecutor, clientOutboundChannelExecutor, brokerChannelExecutor, messageBrokerTaskScheduler]
2021-01-19 11:39:13 - : http://localhost:8066/index
2021-01-19 11:39:13 -HTTP METHOD : GET
2021-01-19 11:39:13 -CLASS_METHOD : com.aijiu.system.controller.LoginController.index
2021-01-19 11:39:13 - : [{}]
2021-01-19 11:39:13 - : 232
2021-01-19 11:39:14 - : http://localhost:8066/main
2021-01-19 11:39:14 -HTTP METHOD : GET
2021-01-19 11:39:14 -CLASS_METHOD : com.aijiu.system.controller.LoginController.main
2021-01-19 11:39:14 - : []
2021-01-19 11:39:14 - : 1
2021-01-19 11:39:14 - : http://localhost:8066/oa/notify/message
2021-01-19 11:39:14 -HTTP METHOD : GET
2021-01-19 11:39:14 -CLASS_METHOD : com.aijiu.oa.controller.NotifyController.message
2021-01-19 11:39:14 - : []
2021-01-19 11:39:14 - : http://localhost:8066/main
2021-01-19 11:39:14 -HTTP METHOD : GET
2021-01-19 11:39:14 -CLASS_METHOD : com.aijiu.system.controller.LoginController.main
2021-01-19 11:39:14 - : []
2021-01-19 11:39:14 - : 0
2021-01-19 11:39:14 - : 58
2021-01-19 11:39:26 - : http://localhost:8066/common/generator
2021-01-19 11:39:26 -HTTP METHOD : GET
2021-01-19 11:39:26 -CLASS_METHOD : com.aijiu.common.controller.GeneratorController.generator
2021-01-19 11:39:26 - : []
2021-01-19 11:39:26 - : 0
2021-01-19 11:39:27 - : http://localhost:8066/common/generator/list
2021-01-19 11:39:27 -HTTP METHOD : GET
2021-01-19 11:39:27 -CLASS_METHOD : com.aijiu.common.controller.GeneratorController.list
2021-01-19 11:39:27 - : []
2021-01-19 11:39:27 - : 33
2021-01-19 11:40:10 - : http://localhost:8066/common/generator/batchCode
2021-01-19 11:40:10 -HTTP METHOD : GET
2021-01-19 11:40:10 -CLASS_METHOD : com.aijiu.common.controller.GeneratorController.batchCode
2021-01-19 11:40:10 - : [org.apache.shiro.web.servlet.ShiroHttpServletRequest@188ea434, org.apache.shiro.web.servlet.ShiroHttpServletResponse@75c822b1, ["t_goumai_reason"]]
2021-01-19 11:40:11 - : 318
2021-01-19 12:09:01 -WebSocketSession[0 current WS(0)-HttpStream(0)-HttpPoll(0), 1 total, 0 closed abnormally (0 connect failure, 0 send limit, 0 transport error)], stompSubProtocol[processed CONNECT(1)-CONNECTED(1)-DISCONNECT(0)], stompBrokerRelay[null], inboundChannel[pool size = 0, active threads = 0, queued tasks = 0, completed tasks = 12], outboundChannelpool size = 0, active threads = 0, queued tasks = 0, completed tasks = 2], sockJsScheduler[pool size = 4, active threads = 1, queued tasks = 1, completed tasks = 359]
2021-01-19 12:38:28 -Validating all active sessions...
2021-01-19 12:38:28 -Finished session validation.  [1] sessions were stopped.
2021-01-19 12:38:59 -WebSocketSession[0 current WS(0)-HttpStream(0)-HttpPoll(0), 1 total, 0 closed abnormally (0 connect failure, 0 send limit, 0 transport error)], stompSubProtocol[processed CONNECT(1)-CONNECTED(1)-DISCONNECT(0)], stompBrokerRelay[null], inboundChannel[pool size = 0, active threads = 0, queued tasks = 0, completed tasks = 12], outboundChannelpool size = 0, active threads = 0, queued tasks = 0, completed tasks = 2], sockJsScheduler[pool size = 4, active threads = 1, queued tasks = 1, completed tasks = 720]
2021-01-19 13:08:59 -WebSocketSession[0 current WS(0)-HttpStream(0)-HttpPoll(0), 1 total, 0 closed abnormally (0 connect failure, 0 send limit, 0 transport error)], stompSubProtocol[processed CONNECT(1)-CONNECTED(1)-DISCONNECT(0)], stompBrokerRelay[null], inboundChannel[pool size = 0, active threads = 0, queued tasks = 0, completed tasks = 12], outboundChannelpool size = 0, active threads = 0, queued tasks = 0, completed tasks = 2], sockJsScheduler[pool size = 4, active threads = 1, queued tasks = 1, completed tasks = 1081]
2021-01-19 13:38:28 -Validating all active sessions...
2021-01-19 13:38:28 -Finished session validation.  No sessions were stopped.
2021-01-19 13:38:59 -WebSocketSession[0 current WS(0)-HttpStream(0)-HttpPoll(0), 1 total, 0 closed abnormally (0 connect failure, 0 send limit, 0 transport error)], stompSubProtocol[processed CONNECT(1)-CONNECTED(1)-DISCONNECT(0)], stompBrokerRelay[null], inboundChannel[pool size = 0, active threads = 0, queued tasks = 0, completed tasks = 12], outboundChannelpool size = 0, active threads = 0, queued tasks = 0, completed tasks = 2], sockJsScheduler[pool size = 4, active threads = 1, queued tasks = 1, completed tasks = 1442]
