2020-08-20 09:37:53 -Starting BootdoApplication on DESKTOP-Q2BGQHJ with PID 30084 (E:\AIJIU\aijiu-manager\target\classes started by EDZ in E:\AIJIU\aijiu-manager)
2020-08-20 09:37:53 -The following profiles are active: dev
2020-08-20 09:38:01 -HV000001: Hibernate Validator 5.3.6.Final
2020-08-20 09:38:06 -Refreshing org.springframework.boot.context.embedded.AnnotationConfigEmbeddedWebApplicationContext@4efac082: startup date [Thu Aug 20 09:38:06 CST 2020]; root of context hierarchy
2020-08-20 09:38:36 -Multiple Spring Data modules found, entering strict repository configuration mode!
2020-08-20 09:38:53 -Bean 'org.springframework.transaction.annotation.ProxyTransactionManagementConfiguration' of type [org.springframework.transaction.annotation.ProxyTransactionManagementConfiguration$$EnhancerBySpringCGLIB$$9a9212a7] is not eligible for getting processed by all BeanPostProcessors (for example: not eligible for auto-proxying)
2020-08-20 09:38:57 -Bean 'shiroConfig' of type [com.aijiu.system.config.ShiroConfig$$EnhancerBySpringCGLIB$$39c241a5] is not eligible for getting processed by all BeanPostProcessors (for example: not eligible for auto-proxying)
2020-08-20 09:39:09 -Bean 'userRealm' of type [com.aijiu.system.shiro.UserRealm] is not eligible for getting processed by all BeanPostProcessors (for example: not eligible for auto-proxying)
2020-08-20 09:39:10 -Bean 'ehCacheManager' of type [org.apache.shiro.cache.ehcache.EhCacheManager] is not eligible for getting processed by all BeanPostProcessors (for example: not eligible for auto-proxying)
2020-08-20 09:39:10 -Cache with name 'com.aijiu.system.shiro.UserRealm.authorizationCache' does not yet exist.  Creating now.
2020-08-20 09:39:10 -Added EhCache named [com.aijiu.system.shiro.UserRealm.authorizationCache]
2020-08-20 09:39:10 -Bean 'sessionDAO' of type [org.apache.shiro.session.mgt.eis.MemorySessionDAO] is not eligible for getting processed by all BeanPostProcessors (for example: not eligible for auto-proxying)
2020-08-20 09:39:10 -Bean 'sessionManager' of type [org.apache.shiro.web.session.mgt.DefaultWebSessionManager] is not eligible for getting processed by all BeanPostProcessors (for example: not eligible for auto-proxying)
2020-08-20 09:39:10 -Bean 'securityManager' of type [org.apache.shiro.web.mgt.DefaultWebSecurityManager] is not eligible for getting processed by all BeanPostProcessors (for example: not eligible for auto-proxying)
2020-08-20 09:39:10 -Bean 'authorizationAttributeSourceAdvisor' of type [org.apache.shiro.spring.security.interceptor.AuthorizationAttributeSourceAdvisor] is not eligible for getting processed by all BeanPostProcessors (for example: not eligible for auto-proxying)
2020-08-20 09:39:11 -Tomcat initialized with port(s): 8066 (http)
2020-08-20 09:39:11 -Starting service [Tomcat]
2020-08-20 09:39:11 -Starting Servlet Engine: Apache Tomcat/8.5.23
2020-08-20 09:39:11 -Initializing Spring embedded WebApplicationContext
2020-08-20 09:39:11 -Root WebApplicationContext: initialization completed in 64828 ms
2020-08-20 09:39:12 -Mapping filter: 'characterEncodingFilter' to: [/*]
2020-08-20 09:39:12 -Mapping filter: 'hiddenHttpMethodFilter' to: [/*]
2020-08-20 09:39:12 -Mapping filter: 'httpPutFormContentFilter' to: [/*]
2020-08-20 09:39:12 -Mapping filter: 'requestContextFilter' to: [/*]
2020-08-20 09:39:12 -Mapping filter: 'springSecurityFilterChain' to: [/*]
2020-08-20 09:39:12 -Filter xssFilter was not registered (disabled)
2020-08-20 09:39:12 -Mapping filter: 'webStatFilter' to urls: [/*]
2020-08-20 09:39:12 -Mapping filter: 'shiroFilterFactoryBean' to: [/*]
2020-08-20 09:39:12 -Mapping servlet: 'statViewServlet' to [/druid/*]
2020-08-20 09:39:12 -Mapping servlet: 'dispatcherServlet' to [/]
2020-08-20 09:39:12 -{dataSource-1} inited
2020-08-20 09:39:14 -Using default implementation for ThreadExecutor
2020-08-20 09:39:14 -Initialized Scheduler Signaller of type: class org.quartz.core.SchedulerSignalerImpl
2020-08-20 09:39:14 -Quartz Scheduler v.2.2.1 created.
2020-08-20 09:39:14 -RAMJobStore initialized.
2020-08-20 09:39:14 -Scheduler meta-data: Quartz Scheduler (v2.2.1) 'schedulerFactoryBean' with instanceId 'NON_CLUSTERED'
  Scheduler class: 'org.quartz.core.QuartzScheduler' - running locally.
  NOT STARTED.
  Currently in standby mode.
  Number of jobs executed: 0
  Using thread pool 'org.quartz.simpl.SimpleThreadPool' - with 10 threads.
  Using job-store 'org.quartz.simpl.RAMJobStore' - which does not support persistence. and is not clustered.

2020-08-20 09:39:14 -Quartz scheduler 'schedulerFactoryBean' initialized from an externally provided properties instance.
2020-08-20 09:39:14 -Quartz scheduler version: 2.2.1
2020-08-20 09:39:14 -JobFactory set to: com.aijiu.common.quartz.factory.JobFactory@256589a1
2020-08-20 09:39:14 -Initializing ExecutorService  'clientInboundChannelExecutor'
2020-08-20 09:39:14 -Initializing ExecutorService  'clientOutboundChannelExecutor'
2020-08-20 09:39:15 -Mapped "{[/carousel/banner/add],methods=[GET]}" onto java.lang.String com.aijiu.carousel.controller.BannerController.add()
2020-08-20 09:39:15 -Mapped "{[/carousel/banner/remove],methods=[POST]}" onto public com.aijiu.common.utils.R com.aijiu.carousel.controller.BannerController.remove(java.lang.Long,javax.servlet.http.HttpServletRequest)
2020-08-20 09:39:15 -Mapped "{[/carousel/banner/batchRemove],methods=[POST]}" onto public com.aijiu.common.utils.R com.aijiu.carousel.controller.BannerController.remove(java.lang.Long[])
2020-08-20 09:39:15 -Mapped "{[/carousel/banner/update]}" onto public com.aijiu.common.utils.R com.aijiu.carousel.controller.BannerController.update(com.aijiu.carousel.domain.BannerDO)
2020-08-20 09:39:15 -Mapped "{[/carousel/banner/list],methods=[GET]}" onto public com.aijiu.common.utils.PageUtils com.aijiu.carousel.controller.BannerController.list(java.util.Map<java.lang.String, java.lang.Object>)
2020-08-20 09:39:15 -Mapped "{[/carousel/banner/save],methods=[POST]}" onto public com.aijiu.common.utils.R com.aijiu.carousel.controller.BannerController.save(com.aijiu.carousel.domain.BannerDO)
2020-08-20 09:39:15 -Mapped "{[/carousel/banner/info/{id}]}" onto public com.aijiu.common.utils.R com.aijiu.carousel.controller.BannerController.info(java.lang.Long)
2020-08-20 09:39:15 -Mapped "{[/carousel/banner],methods=[GET]}" onto java.lang.String com.aijiu.carousel.controller.BannerController.sysFile(org.springframework.ui.Model)
2020-08-20 09:39:15 -Mapped "{[/carousel/banner/upload],methods=[POST]}" onto com.aijiu.common.utils.R com.aijiu.carousel.controller.BannerController.upload(org.springframework.web.multipart.MultipartFile,com.aijiu.carousel.domain.BannerDO,javax.servlet.http.HttpServletRequest)
2020-08-20 09:39:15 -Mapped "{[/carousel/banner/edit/{id}],methods=[GET]}" onto java.lang.String com.aijiu.carousel.controller.BannerController.edit(java.lang.Long,org.springframework.ui.Model)
2020-08-20 09:39:15 -Mapped "{[/carousel/banner/rocket/{id}],methods=[GET]}" onto java.lang.String com.aijiu.carousel.controller.BannerController.rocket(java.lang.Long,org.springframework.ui.Model)
2020-08-20 09:39:15 -Mapped "{[/carousel/banner/updateEnable]}" onto public com.aijiu.common.utils.R com.aijiu.carousel.controller.BannerController.updateEnable(java.lang.Long,java.lang.Integer)
2020-08-20 09:39:15 -Mapped "{[/common/dict/add],methods=[GET]}" onto java.lang.String com.aijiu.common.controller.DictController.add()
2020-08-20 09:39:15 -Mapped "{[/common/dict/remove],methods=[POST]}" onto public com.aijiu.common.utils.R com.aijiu.common.controller.DictController.remove(java.lang.Long)
2020-08-20 09:39:15 -Mapped "{[/common/dict/batchRemove],methods=[POST]}" onto public com.aijiu.common.utils.R com.aijiu.common.controller.DictController.remove(java.lang.Long[])
2020-08-20 09:39:15 -Mapped "{[/common/dict/update]}" onto public com.aijiu.common.utils.R com.aijiu.common.controller.DictController.update(com.aijiu.common.domain.DictDO)
2020-08-20 09:39:15 -Mapped "{[/common/dict/list],methods=[GET]}" onto public com.aijiu.common.utils.PageUtils com.aijiu.common.controller.DictController.list(java.util.Map<java.lang.String, java.lang.Object>)
2020-08-20 09:39:15 -Mapped "{[/common/dict/save],methods=[POST]}" onto public com.aijiu.common.utils.R com.aijiu.common.controller.DictController.save(com.aijiu.common.domain.DictDO)
2020-08-20 09:39:15 -Mapped "{[/common/dict/type],methods=[GET]}" onto public java.util.List<com.aijiu.common.domain.DictDO> com.aijiu.common.controller.DictController.listType()
2020-08-20 09:39:15 -Mapped "{[/common/dict/edit/{id}],methods=[GET]}" onto java.lang.String com.aijiu.common.controller.DictController.edit(java.lang.Long,org.springframework.ui.Model)
2020-08-20 09:39:15 -Mapped "{[/common/dict],methods=[GET]}" onto java.lang.String com.aijiu.common.controller.DictController.dict()
2020-08-20 09:39:15 -Mapped "{[/common/dict/list/{type}],methods=[GET]}" onto public java.util.List<com.aijiu.common.domain.DictDO> com.aijiu.common.controller.DictController.listByType(java.lang.String)
2020-08-20 09:39:15 -Mapped "{[/common/dict/add/{type}/{description}],methods=[GET]}" onto java.lang.String com.aijiu.common.controller.DictController.addD(org.springframework.ui.Model,java.lang.String,java.lang.String)
2020-08-20 09:39:15 -Mapped "{[/common/sysFile/add],methods=[GET]}" onto java.lang.String com.aijiu.common.controller.FileController.add()
2020-08-20 09:39:15 -Mapped "{[/common/sysFile/remove],methods=[POST]}" onto public com.aijiu.common.utils.R com.aijiu.common.controller.FileController.remove(java.lang.Long,javax.servlet.http.HttpServletRequest)
2020-08-20 09:39:15 -Mapped "{[/common/sysFile/batchRemove],methods=[POST]}" onto public com.aijiu.common.utils.R com.aijiu.common.controller.FileController.remove(java.lang.Long[])
2020-08-20 09:39:15 -Mapped "{[/common/sysFile/update]}" onto public com.aijiu.common.utils.R com.aijiu.common.controller.FileController.update(com.aijiu.common.domain.FileDO)
2020-08-20 09:39:15 -Mapped "{[/common/sysFile/list],methods=[GET]}" onto public com.aijiu.common.utils.PageUtils com.aijiu.common.controller.FileController.list(java.util.Map<java.lang.String, java.lang.Object>)
2020-08-20 09:39:15 -Mapped "{[/common/sysFile/save],methods=[POST]}" onto public com.aijiu.common.utils.R com.aijiu.common.controller.FileController.save(com.aijiu.common.domain.FileDO)
2020-08-20 09:39:15 -Mapped "{[/common/sysFile/info/{id}]}" onto public com.aijiu.common.utils.R com.aijiu.common.controller.FileController.info(java.lang.Long)
2020-08-20 09:39:15 -Mapped "{[/common/sysFile],methods=[GET]}" onto java.lang.String com.aijiu.common.controller.FileController.sysFile(org.springframework.ui.Model)
2020-08-20 09:39:15 -Mapped "{[/common/sysFile/upload],methods=[POST]}" onto com.aijiu.common.utils.R com.aijiu.common.controller.FileController.upload(org.springframework.web.multipart.MultipartFile,javax.servlet.http.HttpServletRequest)
2020-08-20 09:39:15 -Mapped "{[/common/sysFile/edit],methods=[GET]}" onto java.lang.String com.aijiu.common.controller.FileController.edit(java.lang.Long,org.springframework.ui.Model)
2020-08-20 09:39:15 -Mapped "{[/common/generator/update],methods=[POST]}" onto com.aijiu.common.utils.R com.aijiu.common.controller.GeneratorController.update(java.util.Map<java.lang.String, java.lang.Object>)
2020-08-20 09:39:15 -Mapped "{[/common/generator/list],methods=[GET]}" onto java.util.List<java.util.Map<java.lang.String, java.lang.Object>> com.aijiu.common.controller.GeneratorController.list()
2020-08-20 09:39:15 -Mapped "{[/common/generator/code/{tableName}]}" onto public void com.aijiu.common.controller.GeneratorController.code(javax.servlet.http.HttpServletRequest,javax.servlet.http.HttpServletResponse,java.lang.String) throws java.io.IOException
2020-08-20 09:39:15 -Mapped "{[/common/generator],methods=[GET]}" onto java.lang.String com.aijiu.common.controller.GeneratorController.generator()
2020-08-20 09:39:15 -Mapped "{[/common/generator/edit],methods=[GET]}" onto public java.lang.String com.aijiu.common.controller.GeneratorController.edit(org.springframework.ui.Model)
2020-08-20 09:39:15 -Mapped "{[/common/generator/batchCode]}" onto public void com.aijiu.common.controller.GeneratorController.batchCode(javax.servlet.http.HttpServletRequest,javax.servlet.http.HttpServletResponse,java.lang.String) throws java.io.IOException
2020-08-20 09:39:15 -Mapped "{[/common/job/add],methods=[GET]}" onto java.lang.String com.aijiu.common.controller.JobController.add()
2020-08-20 09:39:15 -Mapped "{[/common/job/remove],methods=[POST]}" onto public com.aijiu.common.utils.R com.aijiu.common.controller.JobController.remove(java.lang.Long)
2020-08-20 09:39:15 -Mapped "{[/common/job/batchRemove],methods=[POST]}" onto public com.aijiu.common.utils.R com.aijiu.common.controller.JobController.remove(java.lang.Long[])
2020-08-20 09:39:15 -Mapped "{[/common/job/update],methods=[POST]}" onto public com.aijiu.common.utils.R com.aijiu.common.controller.JobController.update(com.aijiu.common.domain.TaskDO)
2020-08-20 09:39:15 -Mapped "{[/common/job/list],methods=[GET]}" onto public com.aijiu.common.utils.PageUtils com.aijiu.common.controller.JobController.list(java.util.Map<java.lang.String, java.lang.Object>)
2020-08-20 09:39:15 -Mapped "{[/common/job/save],methods=[POST]}" onto public com.aijiu.common.utils.R com.aijiu.common.controller.JobController.save(com.aijiu.common.domain.TaskDO)
2020-08-20 09:39:15 -Mapped "{[/common/job/info/{id}]}" onto public com.aijiu.common.utils.R com.aijiu.common.controller.JobController.info(java.lang.Long)
2020-08-20 09:39:15 -Mapped "{[/common/job/edit/{id}],methods=[GET]}" onto java.lang.String com.aijiu.common.controller.JobController.edit(java.lang.Long,org.springframework.ui.Model)
2020-08-20 09:39:15 -Mapped "{[/common/job],methods=[GET]}" onto java.lang.String com.aijiu.common.controller.JobController.taskScheduleJob()
2020-08-20 09:39:15 -Mapped "{[/common/job/changeJobStatus],methods=[POST]}" onto public com.aijiu.common.utils.R com.aijiu.common.controller.JobController.changeJobStatus(java.lang.Long,java.lang.String)
2020-08-20 09:39:15 -Mapped "{[/common/log/remove],methods=[POST]}" onto com.aijiu.common.utils.R com.aijiu.common.controller.LogController.remove(java.lang.Long)
2020-08-20 09:39:15 -Mapped "{[/common/log],methods=[GET]}" onto java.lang.String com.aijiu.common.controller.LogController.log()
2020-08-20 09:39:15 -Mapped "{[/common/log/list],methods=[GET]}" onto com.aijiu.common.domain.PageDO<com.aijiu.common.domain.LogDO> com.aijiu.common.controller.LogController.list(java.util.Map<java.lang.String, java.lang.Object>)
2020-08-20 09:39:15 -Mapped "{[/common/log/batchRemove],methods=[POST]}" onto com.aijiu.common.utils.R com.aijiu.common.controller.LogController.batchRemove(java.lang.Long[])
2020-08-20 09:39:15 -Mapped "{[/error]}" onto public com.aijiu.common.utils.R com.aijiu.common.exception.MainsiteErrorController.handleError(javax.servlet.http.HttpServletRequest,javax.servlet.http.HttpServletResponse)
2020-08-20 09:39:15 -Mapped "{[/error],produces=[text/html]}" onto public org.springframework.web.servlet.ModelAndView com.aijiu.common.exception.MainsiteErrorController.errorHtml(javax.servlet.http.HttpServletRequest,javax.servlet.http.HttpServletResponse)
2020-08-20 09:39:15 -Mapped "{[/information/device/add],methods=[GET]}" onto java.lang.String com.aijiu.information.controller.DeviceController.add()
2020-08-20 09:39:15 -Mapped "{[/information/device/remove],methods=[POST]}" onto public com.aijiu.common.utils.R com.aijiu.information.controller.DeviceController.remove(java.lang.Integer)
2020-08-20 09:39:15 -Mapped "{[/information/device/batchRemove],methods=[POST]}" onto public com.aijiu.common.utils.R com.aijiu.information.controller.DeviceController.remove(java.lang.Integer[])
2020-08-20 09:39:15 -Mapped "{[/information/device/update]}" onto public com.aijiu.common.utils.R com.aijiu.information.controller.DeviceController.update(com.aijiu.information.domain.DeviceDO)
2020-08-20 09:39:15 -Mapped "{[/information/device/list],methods=[GET]}" onto public com.aijiu.common.utils.PageUtils com.aijiu.information.controller.DeviceController.list(java.util.Map<java.lang.String, java.lang.Object>)
2020-08-20 09:39:15 -Mapped "{[/information/device/save],methods=[POST]}" onto public com.aijiu.common.utils.R com.aijiu.information.controller.DeviceController.save(com.aijiu.information.domain.DeviceDO)
2020-08-20 09:39:15 -Mapped "{[/information/device/edit/{id}],methods=[GET]}" onto java.lang.String com.aijiu.information.controller.DeviceController.edit(java.lang.Integer,org.springframework.ui.Model)
2020-08-20 09:39:15 -Mapped "{[/information/device],methods=[GET]}" onto java.lang.String com.aijiu.information.controller.DeviceController.Device()
2020-08-20 09:39:15 -Mapped "{[/information/leaveMessage/add],methods=[GET]}" onto java.lang.String com.aijiu.information.controller.LeaveMessageController.add()
2020-08-20 09:39:15 -Mapped "{[/information/leaveMessage/remove],methods=[POST]}" onto public com.aijiu.common.utils.R com.aijiu.information.controller.LeaveMessageController.remove(java.lang.Long)
2020-08-20 09:39:15 -Mapped "{[/information/leaveMessage/batchRemove],methods=[POST]}" onto public com.aijiu.common.utils.R com.aijiu.information.controller.LeaveMessageController.remove(java.lang.Long[])
2020-08-20 09:39:15 -Mapped "{[/information/leaveMessage/update]}" onto public com.aijiu.common.utils.R com.aijiu.information.controller.LeaveMessageController.update(com.aijiu.information.domain.LeaveMessageDO)
2020-08-20 09:39:15 -Mapped "{[/information/leaveMessage/list],methods=[GET]}" onto public com.aijiu.common.utils.PageUtils com.aijiu.information.controller.LeaveMessageController.list(java.util.Map<java.lang.String, java.lang.Object>)
2020-08-20 09:39:15 -Mapped "{[/information/leaveMessage/save],methods=[POST]}" onto public com.aijiu.common.utils.R com.aijiu.information.controller.LeaveMessageController.save(com.aijiu.information.domain.LeaveMessageDO)
2020-08-20 09:39:15 -Mapped "{[/information/leaveMessage/edit/{id}],methods=[GET]}" onto java.lang.String com.aijiu.information.controller.LeaveMessageController.edit(java.lang.Long,org.springframework.ui.Model)
2020-08-20 09:39:15 -Mapped "{[/information/leaveMessage],methods=[GET]}" onto java.lang.String com.aijiu.information.controller.LeaveMessageController.LeaveMessage()
2020-08-20 09:39:15 -Mapped "{[/information/leaveMessage/updateEnable1]}" onto public com.aijiu.common.utils.R com.aijiu.information.controller.LeaveMessageController.updateEnable1(java.lang.Long,java.lang.Integer)
2020-08-20 09:39:15 -Mapped "{[/information/leaveMessage/shenhe/{id}],methods=[GET]}" onto java.lang.String com.aijiu.information.controller.LeaveMessageController.shenhe(java.lang.Long,org.springframework.ui.Model)
2020-08-20 09:39:15 -Mapped "{[/information/leaveMessage/updateEnable5]}" onto public com.aijiu.common.utils.R com.aijiu.information.controller.LeaveMessageController.updateEnable5(java.lang.Long,java.lang.Integer)
2020-08-20 09:39:15 -Mapped "{[/information/leaveMessage/updateEnable2]}" onto public com.aijiu.common.utils.R com.aijiu.information.controller.LeaveMessageController.updateEnable2(java.lang.Long,java.lang.Integer)
2020-08-20 09:39:15 -Mapped "{[/information/user/add],methods=[GET]}" onto java.lang.String com.aijiu.information.controller.UserDOController.add()
2020-08-20 09:39:15 -Mapped "{[/information/user/remove],methods=[POST]}" onto public com.aijiu.common.utils.R com.aijiu.information.controller.UserDOController.remove(java.lang.Long)
2020-08-20 09:39:15 -Mapped "{[/information/user/batchRemove],methods=[POST]}" onto public com.aijiu.common.utils.R com.aijiu.information.controller.UserDOController.remove(java.lang.Long[])
2020-08-20 09:39:15 -Mapped "{[/information/user/update]}" onto public com.aijiu.common.utils.R com.aijiu.information.controller.UserDOController.update(com.aijiu.information.domain.UserDO)
2020-08-20 09:39:15 -Mapped "{[/information/user/list],methods=[GET]}" onto public com.aijiu.common.utils.PageUtils com.aijiu.information.controller.UserDOController.list(java.util.Map<java.lang.String, java.lang.Object>)
2020-08-20 09:39:15 -Mapped "{[/information/user/save],methods=[POST]}" onto public com.aijiu.common.utils.R com.aijiu.information.controller.UserDOController.save(com.aijiu.information.domain.UserDO)
2020-08-20 09:39:15 -Mapped "{[/information/user],methods=[GET]}" onto java.lang.String com.aijiu.information.controller.UserDOController.User()
2020-08-20 09:39:15 -Mapped "{[/information/user/edit/{id}],methods=[GET]}" onto java.lang.String com.aijiu.information.controller.UserDOController.edit(java.lang.Long,org.springframework.ui.Model)
2020-08-20 09:39:15 -Mapped "{[/oa/notify/add],methods=[GET]}" onto java.lang.String com.aijiu.oa.controller.NotifyController.add()
2020-08-20 09:39:15 -Mapped "{[/oa/notify/remove],methods=[POST]}" onto public com.aijiu.common.utils.R com.aijiu.oa.controller.NotifyController.remove(java.lang.Long)
2020-08-20 09:39:15 -Mapped "{[/oa/notify/batchRemove],methods=[POST]}" onto public com.aijiu.common.utils.R com.aijiu.oa.controller.NotifyController.remove(java.lang.Long[])
2020-08-20 09:39:15 -Mapped "{[/oa/notify/update]}" onto public com.aijiu.common.utils.R com.aijiu.oa.controller.NotifyController.update(com.aijiu.oa.domain.NotifyDO)
2020-08-20 09:39:15 -Mapped "{[/oa/notify/read/{id}],methods=[GET]}" onto java.lang.String com.aijiu.oa.controller.NotifyController.read(java.lang.Long,org.springframework.ui.Model)
2020-08-20 09:39:15 -Mapped "{[/oa/notify/list],methods=[GET]}" onto public com.aijiu.common.utils.PageUtils com.aijiu.oa.controller.NotifyController.list(java.util.Map<java.lang.String, java.lang.Object>)
2020-08-20 09:39:15 -Mapped "{[/oa/notify/save],methods=[POST]}" onto public com.aijiu.common.utils.R com.aijiu.oa.controller.NotifyController.save(com.aijiu.oa.domain.NotifyDO)
2020-08-20 09:39:15 -Mapped "{[/oa/notify/message],methods=[GET]}" onto com.aijiu.common.utils.PageUtils com.aijiu.oa.controller.NotifyController.message()
2020-08-20 09:39:15 -Mapped "{[/oa/notify/selfList],methods=[GET]}" onto com.aijiu.common.utils.PageUtils com.aijiu.oa.controller.NotifyController.selfList(java.util.Map<java.lang.String, java.lang.Object>)
2020-08-20 09:39:15 -Mapped "{[/oa/notify/edit/{id}],methods=[GET]}" onto java.lang.String com.aijiu.oa.controller.NotifyController.edit(java.lang.Long,org.springframework.ui.Model)
2020-08-20 09:39:15 -Mapped "{[/oa/notify],methods=[GET]}" onto java.lang.String com.aijiu.oa.controller.NotifyController.oaNotify()
2020-08-20 09:39:15 -Mapped "{[/oa/notify/selfNotify],methods=[GET]}" onto java.lang.String com.aijiu.oa.controller.NotifyController.selefNotify()
2020-08-20 09:39:15 -Mapped "{[/system/sysDept/add/{pId}],methods=[GET]}" onto java.lang.String com.aijiu.system.controller.DeptController.add(java.lang.Long,org.springframework.ui.Model)
2020-08-20 09:39:15 -Mapped "{[/system/sysDept/remove],methods=[POST]}" onto public com.aijiu.common.utils.R com.aijiu.system.controller.DeptController.remove(java.lang.Long)
2020-08-20 09:39:15 -Mapped "{[/system/sysDept/batchRemove],methods=[POST]}" onto public com.aijiu.common.utils.R com.aijiu.system.controller.DeptController.remove(java.lang.Long[])
2020-08-20 09:39:15 -Mapped "{[/system/sysDept/update]}" onto public com.aijiu.common.utils.R com.aijiu.system.controller.DeptController.update(com.aijiu.system.domain.DeptDO)
2020-08-20 09:39:15 -Mapped "{[/system/sysDept/list],methods=[GET]}" onto public java.util.List<com.aijiu.system.domain.DeptDO> com.aijiu.system.controller.DeptController.list()
2020-08-20 09:39:15 -Mapped "{[/system/sysDept/save],methods=[POST]}" onto public com.aijiu.common.utils.R com.aijiu.system.controller.DeptController.save(com.aijiu.system.domain.DeptDO)
2020-08-20 09:39:15 -Mapped "{[/system/sysDept/tree],methods=[GET]}" onto public com.aijiu.common.domain.Tree<com.aijiu.system.domain.DeptDO> com.aijiu.system.controller.DeptController.tree()
2020-08-20 09:39:15 -Mapped "{[/system/sysDept/edit/{deptId}],methods=[GET]}" onto java.lang.String com.aijiu.system.controller.DeptController.edit(java.lang.Long,org.springframework.ui.Model)
2020-08-20 09:39:15 -Mapped "{[/system/sysDept/treeView],methods=[GET]}" onto java.lang.String com.aijiu.system.controller.DeptController.treeView()
2020-08-20 09:39:15 -Mapped "{[/system/sysDept],methods=[GET]}" onto java.lang.String com.aijiu.system.controller.DeptController.dept()
2020-08-20 09:39:15 -Mapped "{[/index],methods=[GET]}" onto java.lang.String com.aijiu.system.controller.LoginController.index(org.springframework.ui.Model)
2020-08-20 09:39:15 -Mapped "{[/main],methods=[GET]}" onto java.lang.String com.aijiu.system.controller.LoginController.main()
2020-08-20 09:39:15 -Mapped "{[/login],methods=[GET]}" onto java.lang.String com.aijiu.system.controller.LoginController.login()
2020-08-20 09:39:15 -Mapped "{[/logout],methods=[GET]}" onto java.lang.String com.aijiu.system.controller.LoginController.logout()
2020-08-20 09:39:15 -Mapped "{[/login],methods=[POST]}" onto com.aijiu.common.utils.R com.aijiu.system.controller.LoginController.ajaxLogin(java.lang.String,java.lang.String)
2020-08-20 09:39:15 -Mapped "{[/ || ],methods=[GET]}" onto java.lang.String com.aijiu.system.controller.LoginController.welcome(org.springframework.ui.Model)
2020-08-20 09:39:15 -Mapped "{[/sys/menu/add/{pId}],methods=[GET]}" onto java.lang.String com.aijiu.system.controller.MenuController.add(org.springframework.ui.Model,java.lang.Long)
2020-08-20 09:39:15 -Mapped "{[/sys/menu/remove],methods=[POST]}" onto com.aijiu.common.utils.R com.aijiu.system.controller.MenuController.remove(java.lang.Long)
2020-08-20 09:39:15 -Mapped "{[/sys/menu/update],methods=[POST]}" onto com.aijiu.common.utils.R com.aijiu.system.controller.MenuController.update(com.aijiu.system.domain.MenuDO)
2020-08-20 09:39:15 -Mapped "{[/sys/menu/list]}" onto java.util.List<com.aijiu.system.domain.MenuDO> com.aijiu.system.controller.MenuController.list(java.util.Map<java.lang.String, java.lang.Object>)
2020-08-20 09:39:15 -Mapped "{[/sys/menu/save],methods=[POST]}" onto com.aijiu.common.utils.R com.aijiu.system.controller.MenuController.save(com.aijiu.system.domain.MenuDO)
2020-08-20 09:39:15 -Mapped "{[/sys/menu/tree/{roleId}],methods=[GET]}" onto com.aijiu.common.domain.Tree<com.aijiu.system.domain.MenuDO> com.aijiu.system.controller.MenuController.tree(java.lang.Long)
2020-08-20 09:39:15 -Mapped "{[/sys/menu/tree],methods=[GET]}" onto com.aijiu.common.domain.Tree<com.aijiu.system.domain.MenuDO> com.aijiu.system.controller.MenuController.tree()
2020-08-20 09:39:15 -Mapped "{[/sys/menu/edit/{id}],methods=[GET]}" onto java.lang.String com.aijiu.system.controller.MenuController.edit(org.springframework.ui.Model,java.lang.Long)
2020-08-20 09:39:15 -Mapped "{[/sys/menu],methods=[GET]}" onto java.lang.String com.aijiu.system.controller.MenuController.menu(org.springframework.ui.Model)
2020-08-20 09:39:15 -Mapped "{[/sys/role/add],methods=[GET]}" onto java.lang.String com.aijiu.system.controller.RoleController.add()
2020-08-20 09:39:15 -Mapped "{[/sys/role/update],methods=[POST]}" onto com.aijiu.common.utils.R com.aijiu.system.controller.RoleController.update(com.aijiu.system.domain.RoleDO)
2020-08-20 09:39:15 -Mapped "{[/sys/role/list],methods=[GET]}" onto java.util.List<com.aijiu.system.domain.RoleDO> com.aijiu.system.controller.RoleController.list()
2020-08-20 09:39:15 -Mapped "{[/sys/role/remove],methods=[POST]}" onto com.aijiu.common.utils.R com.aijiu.system.controller.RoleController.save(java.lang.Long)
2020-08-20 09:39:15 -Mapped "{[/sys/role/save],methods=[POST]}" onto com.aijiu.common.utils.R com.aijiu.system.controller.RoleController.save(com.aijiu.system.domain.RoleDO)
2020-08-20 09:39:15 -Mapped "{[/sys/role/batchRemove],methods=[POST]}" onto com.aijiu.common.utils.R com.aijiu.system.controller.RoleController.batchRemove(java.lang.Long[])
2020-08-20 09:39:15 -Mapped "{[/sys/role],methods=[GET]}" onto java.lang.String com.aijiu.system.controller.RoleController.role()
2020-08-20 09:39:15 -Mapped "{[/sys/role/edit/{id}],methods=[GET]}" onto java.lang.String com.aijiu.system.controller.RoleController.edit(java.lang.Long,org.springframework.ui.Model)
2020-08-20 09:39:15 -Mapped "{[/sys/role/updateEnable]}" onto public com.aijiu.common.utils.R com.aijiu.system.controller.RoleController.updateEnable(java.lang.Long,java.lang.Integer)
2020-08-20 09:39:15 -Mapped "{[/sys/online/list]}" onto public java.util.List<com.aijiu.system.domain.UserOnline> com.aijiu.system.controller.SessionController.list()
2020-08-20 09:39:15 -Mapped "{[/sys/online/forceLogout/{sessionId}]}" onto public com.aijiu.common.utils.R com.aijiu.system.controller.SessionController.forceLogout(java.lang.String,org.springframework.web.servlet.mvc.support.RedirectAttributes)
2020-08-20 09:39:15 -Mapped "{[/sys/online/sessionList]}" onto public java.util.Collection<org.apache.shiro.session.Session> com.aijiu.system.controller.SessionController.sessionList()
2020-08-20 09:39:15 -Mapped "{[/sys/online],methods=[GET]}" onto public java.lang.String com.aijiu.system.controller.SessionController.online()
2020-08-20 09:39:15 -Mapped "{[/sys/user/exit],methods=[POST]}" onto boolean com.aijiu.system.controller.UserController.exit(java.util.Map<java.lang.String, java.lang.Object>)
2020-08-20 09:39:15 -Mapped "{[/sys/user/add],methods=[GET]}" onto java.lang.String com.aijiu.system.controller.UserController.add(org.springframework.ui.Model)
2020-08-20 09:39:15 -Mapped "{[/sys/user/remove],methods=[POST]}" onto com.aijiu.common.utils.R com.aijiu.system.controller.UserController.remove(java.lang.Long)
2020-08-20 09:39:15 -Mapped "{[/sys/user/update],methods=[POST]}" onto com.aijiu.common.utils.R com.aijiu.system.controller.UserController.update(com.aijiu.system.domain.UserDO)
2020-08-20 09:39:15 -Mapped "{[/sys/user/list],methods=[GET]}" onto com.aijiu.common.utils.PageUtils com.aijiu.system.controller.UserController.list(java.util.Map<java.lang.String, java.lang.Object>)
2020-08-20 09:39:15 -Mapped "{[/sys/user/save],methods=[POST]}" onto com.aijiu.common.utils.R com.aijiu.system.controller.UserController.save(com.aijiu.system.domain.UserDO)
2020-08-20 09:39:15 -Mapped "{[/sys/user/batchRemove],methods=[POST]}" onto com.aijiu.common.utils.R com.aijiu.system.controller.UserController.batchRemove(java.lang.Long[])
2020-08-20 09:39:15 -Mapped "{[/sys/user/tree],methods=[GET]}" onto public com.aijiu.common.domain.Tree<com.aijiu.system.domain.DeptDO> com.aijiu.system.controller.UserController.tree()
2020-08-20 09:39:15 -Mapped "{[/sys/user],methods=[GET]}" onto java.lang.String com.aijiu.system.controller.UserController.user(org.springframework.ui.Model)
2020-08-20 09:39:15 -Mapped "{[/sys/user/edit/{id}],methods=[GET]}" onto java.lang.String com.aijiu.system.controller.UserController.edit(org.springframework.ui.Model,java.lang.Long)
2020-08-20 09:39:15 -Mapped "{[/sys/user/treeView],methods=[GET]}" onto java.lang.String com.aijiu.system.controller.UserController.treeView()
2020-08-20 09:39:15 -Mapped "{[/sys/user/resetPwd],methods=[POST]}" onto com.aijiu.common.utils.R com.aijiu.system.controller.UserController.resetPwd(com.aijiu.system.vo.UserVO)
2020-08-20 09:39:15 -Mapped "{[/sys/user/resetPwd/{id}],methods=[GET]}" onto java.lang.String com.aijiu.system.controller.UserController.resetPwd(java.lang.Long,org.springframework.ui.Model)
2020-08-20 09:39:15 -Mapped "{[/sys/user/personal],methods=[GET]}" onto java.lang.String com.aijiu.system.controller.UserController.personal(org.springframework.ui.Model)
2020-08-20 09:39:15 -Mapped "{[/sys/user/uploadImg],methods=[POST]}" onto com.aijiu.common.utils.R com.aijiu.system.controller.UserController.uploadImg(org.springframework.web.multipart.MultipartFile,java.lang.String,javax.servlet.http.HttpServletRequest)
2020-08-20 09:39:15 -Mapped "{[/sys/user/adminResetPwd],methods=[POST]}" onto com.aijiu.common.utils.R com.aijiu.system.controller.UserController.adminResetPwd(com.aijiu.system.vo.UserVO)
2020-08-20 09:39:15 -Mapped "{[/sys/user/updatePeronal],methods=[POST]}" onto com.aijiu.common.utils.R com.aijiu.system.controller.UserController.updatePeronal(com.aijiu.system.domain.UserDO)
2020-08-20 09:39:15 -Mapped "{[/v2/api-docs],methods=[GET],produces=[application/json || application/hal+json]}" onto public org.springframework.http.ResponseEntity<springfox.documentation.spring.web.json.Json> springfox.documentation.swagger2.web.Swagger2Controller.getDocumentation(java.lang.String,javax.servlet.http.HttpServletRequest)
2020-08-20 09:39:16 -Mapped "{[/swagger-resources/configuration/security]}" onto org.springframework.http.ResponseEntity<springfox.documentation.swagger.web.SecurityConfiguration> springfox.documentation.swagger.web.ApiResourceController.securityConfiguration()
2020-08-20 09:39:16 -Mapped "{[/swagger-resources]}" onto org.springframework.http.ResponseEntity<java.util.List<springfox.documentation.swagger.web.SwaggerResource>> springfox.documentation.swagger.web.ApiResourceController.swaggerResources()
2020-08-20 09:39:16 -Mapped "{[/swagger-resources/configuration/ui]}" onto org.springframework.http.ResponseEntity<springfox.documentation.swagger.web.UiConfiguration> springfox.documentation.swagger.web.ApiResourceController.uiConfiguration()
2020-08-20 09:39:16 -Initializing ExecutorService  'messageBrokerTaskScheduler'
2020-08-20 09:39:16 -Mapped URL path [/endpointChat/**] onto handler of type [class org.springframework.web.socket.sockjs.support.SockJsHttpRequestHandler]
2020-08-20 09:39:16 -Initializing ExecutorService  'brokerChannelExecutor'
2020-08-20 09:39:16 -Looking for @ControllerAdvice: org.springframework.boot.context.embedded.AnnotationConfigEmbeddedWebApplicationContext@4efac082: startup date [Thu Aug 20 09:38:06 CST 2020]; root of context hierarchy
2020-08-20 09:39:16 -Mapped URL path [/files/**] onto handler of type [class org.springframework.web.servlet.resource.ResourceHttpRequestHandler]
2020-08-20 09:39:16 -Mapped URL path [/webjars/**] onto handler of type [class org.springframework.web.servlet.resource.ResourceHttpRequestHandler]
2020-08-20 09:39:16 -Mapped URL path [/**] onto handler of type [class org.springframework.web.servlet.resource.ResourceHttpRequestHandler]
2020-08-20 09:39:16 -Detected @ExceptionHandler methods in BDExceptionHandler
2020-08-20 09:39:16 -Mapped URL path [/**/favicon.ico] onto handler of type [class org.springframework.web.servlet.resource.ResourceHttpRequestHandler]
2020-08-20 09:39:17 -

Using default security password: f0ca16ae-dc92-464c-aba7-5f48524b0b82

2020-08-20 09:39:17 -Creating filter chain: OrRequestMatcher [requestMatchers=[Ant [pattern='/css/**'], Ant [pattern='/js/**'], Ant [pattern='/images/**'], Ant [pattern='/webjars/**'], Ant [pattern='/**/favicon.ico'], Ant [pattern='/error']]], []
2020-08-20 09:39:18 -Creating filter chain: org.springframework.boot.autoconfigure.security.SpringBootWebSecurityConfiguration$ApplicationNoWebSecurityConfigurerAdapter$1@17ae13d5, [org.springframework.security.web.context.request.async.WebAsyncManagerIntegrationFilter@69f3e556, org.springframework.security.web.context.SecurityContextPersistenceFilter@4f525e13, org.springframework.security.web.header.HeaderWriterFilter@f237ae7, org.springframework.security.web.csrf.CsrfFilter@26a33cf, org.springframework.security.web.authentication.logout.LogoutFilter@47e60b71, org.springframework.security.web.savedrequest.RequestCacheAwareFilter@25e95af1, org.springframework.security.web.servletapi.SecurityContextHolderAwareRequestFilter@615ef20, org.springframework.security.web.authentication.AnonymousAuthenticationFilter@1eb9d69a, org.springframework.security.web.session.SessionManagementFilter@64eeddd8, org.springframework.security.web.access.ExceptionTranslationFilter@7037a680]
2020-08-20 09:39:18 -Registering beans for JMX exposure on startup
2020-08-20 09:39:18 -Bean with name 'dataSource' has been autodetected for JMX exposure
2020-08-20 09:39:18 -Located MBean 'dataSource': registering with JMX server as MBean [com.alibaba.druid.pool:name=dataSource,type=DruidDataSource]
2020-08-20 09:39:18 -Starting beans in phase 2147483647
2020-08-20 09:39:18 -Context refreshed
2020-08-20 09:39:18 -Found 1 custom documentation plugin(s)
2020-08-20 09:39:18 -Scanning for api listing references
2020-08-20 09:39:18 -Generating unique operation named: removeUsingPOST_1
2020-08-20 09:39:18 -Generating unique operation named: addUsingGET_1
2020-08-20 09:39:18 -Generating unique operation named: editUsingGET_1
2020-08-20 09:39:18 -Generating unique operation named: listUsingGET_1
2020-08-20 09:39:18 -Generating unique operation named: removeUsingPOST_2
2020-08-20 09:39:18 -Generating unique operation named: removeUsingPOST_3
2020-08-20 09:39:18 -Generating unique operation named: saveUsingPOST_1
2020-08-20 09:39:18 -Generating unique operation named: updateUsingGET_1
2020-08-20 09:39:18 -Generating unique operation named: updateUsingHEAD_1
2020-08-20 09:39:18 -Generating unique operation named: updateUsingPOST_1
2020-08-20 09:39:18 -Generating unique operation named: updateUsingPUT_1
2020-08-20 09:39:18 -Generating unique operation named: updateUsingPATCH_1
2020-08-20 09:39:18 -Generating unique operation named: updateUsingDELETE_1
2020-08-20 09:39:18 -Generating unique operation named: updateUsingOPTIONS_1
2020-08-20 09:39:18 -Generating unique operation named: updateUsingTRACE_1
2020-08-20 09:39:18 -Generating unique operation named: addUsingGET_2
2020-08-20 09:39:18 -Generating unique operation named: editUsingGET_2
2020-08-20 09:39:18 -Generating unique operation named: listUsingGET_2
2020-08-20 09:39:18 -Generating unique operation named: removeUsingPOST_4
2020-08-20 09:39:18 -Generating unique operation named: removeUsingPOST_5
2020-08-20 09:39:18 -Generating unique operation named: saveUsingPOST_2
2020-08-20 09:39:18 -Generating unique operation named: updateUsingGET_2
2020-08-20 09:39:18 -Generating unique operation named: updateUsingHEAD_2
2020-08-20 09:39:18 -Generating unique operation named: updateUsingPOST_2
2020-08-20 09:39:18 -Generating unique operation named: updateUsingPUT_2
2020-08-20 09:39:18 -Generating unique operation named: updateUsingPATCH_2
2020-08-20 09:39:18 -Generating unique operation named: updateUsingDELETE_2
2020-08-20 09:39:18 -Generating unique operation named: updateUsingOPTIONS_2
2020-08-20 09:39:18 -Generating unique operation named: updateUsingTRACE_2
2020-08-20 09:39:18 -Generating unique operation named: addUsingGET_3
2020-08-20 09:39:18 -Generating unique operation named: editUsingGET_3
2020-08-20 09:39:18 -Generating unique operation named: listUsingGET_3
2020-08-20 09:39:18 -Generating unique operation named: removeUsingPOST_6
2020-08-20 09:39:18 -Generating unique operation named: removeUsingPOST_7
2020-08-20 09:39:18 -Generating unique operation named: saveUsingPOST_3
2020-08-20 09:39:18 -Generating unique operation named: updateUsingGET_3
2020-08-20 09:39:18 -Generating unique operation named: updateUsingHEAD_3
2020-08-20 09:39:18 -Generating unique operation named: updateUsingPOST_3
2020-08-20 09:39:18 -Generating unique operation named: updateUsingPUT_3
2020-08-20 09:39:18 -Generating unique operation named: updateUsingPATCH_3
2020-08-20 09:39:18 -Generating unique operation named: updateUsingDELETE_3
2020-08-20 09:39:18 -Generating unique operation named: updateUsingOPTIONS_3
2020-08-20 09:39:18 -Generating unique operation named: updateUsingTRACE_3
2020-08-20 09:39:18 -Generating unique operation named: addUsingGET_4
2020-08-20 09:39:18 -Generating unique operation named: editUsingGET_4
2020-08-20 09:39:18 -Generating unique operation named: infoUsingGET_1
2020-08-20 09:39:18 -Generating unique operation named: infoUsingHEAD_1
2020-08-20 09:39:18 -Generating unique operation named: infoUsingPOST_1
2020-08-20 09:39:18 -Generating unique operation named: infoUsingPUT_1
2020-08-20 09:39:18 -Generating unique operation named: infoUsingPATCH_1
2020-08-20 09:39:18 -Generating unique operation named: infoUsingDELETE_1
2020-08-20 09:39:18 -Generating unique operation named: infoUsingOPTIONS_1
2020-08-20 09:39:18 -Generating unique operation named: infoUsingTRACE_1
2020-08-20 09:39:18 -Generating unique operation named: listUsingGET_4
2020-08-20 09:39:18 -Generating unique operation named: removeUsingPOST_8
2020-08-20 09:39:18 -Generating unique operation named: removeUsingPOST_9
2020-08-20 09:39:18 -Generating unique operation named: saveUsingPOST_4
2020-08-20 09:39:18 -Generating unique operation named: sysFileUsingGET_1
2020-08-20 09:39:18 -Generating unique operation named: updateUsingGET_4
2020-08-20 09:39:18 -Generating unique operation named: updateUsingHEAD_4
2020-08-20 09:39:18 -Generating unique operation named: updateUsingPOST_4
2020-08-20 09:39:18 -Generating unique operation named: updateUsingPUT_4
2020-08-20 09:39:18 -Generating unique operation named: updateUsingPATCH_4
2020-08-20 09:39:18 -Generating unique operation named: updateUsingDELETE_4
2020-08-20 09:39:18 -Generating unique operation named: updateUsingOPTIONS_4
2020-08-20 09:39:18 -Generating unique operation named: updateUsingTRACE_4
2020-08-20 09:39:18 -Generating unique operation named: uploadUsingPOST_1
2020-08-20 09:39:18 -Generating unique operation named: editUsingGET_5
2020-08-20 09:39:18 -Generating unique operation named: listUsingGET_5
2020-08-20 09:39:18 -Generating unique operation named: updateUsingPOST_5
2020-08-20 09:39:18 -Generating unique operation named: addUsingGET_5
2020-08-20 09:39:18 -Generating unique operation named: editUsingGET_6
2020-08-20 09:39:18 -Generating unique operation named: infoUsingGET_2
2020-08-20 09:39:18 -Generating unique operation named: infoUsingHEAD_2
2020-08-20 09:39:18 -Generating unique operation named: infoUsingPOST_2
2020-08-20 09:39:18 -Generating unique operation named: infoUsingPUT_2
2020-08-20 09:39:18 -Generating unique operation named: infoUsingPATCH_2
2020-08-20 09:39:18 -Generating unique operation named: infoUsingDELETE_2
2020-08-20 09:39:18 -Generating unique operation named: infoUsingOPTIONS_2
2020-08-20 09:39:18 -Generating unique operation named: infoUsingTRACE_2
2020-08-20 09:39:18 -Generating unique operation named: listUsingGET_6
2020-08-20 09:39:18 -Generating unique operation named: removeUsingPOST_10
2020-08-20 09:39:18 -Generating unique operation named: removeUsingPOST_11
2020-08-20 09:39:18 -Generating unique operation named: saveUsingPOST_5
2020-08-20 09:39:18 -Generating unique operation named: updateUsingPOST_6
2020-08-20 09:39:18 -Generating unique operation named: addUsingGET_6
2020-08-20 09:39:18 -Generating unique operation named: editUsingGET_7
2020-08-20 09:39:18 -Generating unique operation named: listUsingGET_7
2020-08-20 09:39:18 -Generating unique operation named: removeUsingPOST_12
2020-08-20 09:39:18 -Generating unique operation named: removeUsingPOST_13
2020-08-20 09:39:18 -Generating unique operation named: saveUsingPOST_6
2020-08-20 09:39:18 -Generating unique operation named: updateUsingGET_5
2020-08-20 09:39:18 -Generating unique operation named: updateUsingHEAD_5
2020-08-20 09:39:18 -Generating unique operation named: updateUsingPOST_7
2020-08-20 09:39:18 -Generating unique operation named: updateUsingPUT_5
2020-08-20 09:39:18 -Generating unique operation named: updateUsingPATCH_5
2020-08-20 09:39:18 -Generating unique operation named: updateUsingDELETE_5
2020-08-20 09:39:19 -Generating unique operation named: updateUsingOPTIONS_5
2020-08-20 09:39:19 -Generating unique operation named: updateUsingTRACE_5
2020-08-20 09:39:19 -Generating unique operation named: listUsingGET_8
2020-08-20 09:39:19 -Generating unique operation named: removeUsingPOST_14
2020-08-20 09:39:19 -Generating unique operation named: welcomeUsingGET_1
2020-08-20 09:39:19 -Generating unique operation named: addUsingGET_7
2020-08-20 09:39:19 -Generating unique operation named: editUsingGET_8
2020-08-20 09:39:19 -Generating unique operation named: listUsingGET_9
2020-08-20 09:39:19 -Generating unique operation named: removeUsingPOST_15
2020-08-20 09:39:19 -Generating unique operation named: saveUsingPOST_7
2020-08-20 09:39:19 -Generating unique operation named: treeUsingGET_1
2020-08-20 09:39:19 -Generating unique operation named: treeUsingGET_2
2020-08-20 09:39:19 -Generating unique operation named: updateUsingPOST_8
2020-08-20 09:39:19 -Generating unique operation named: addUsingGET_8
2020-08-20 09:39:19 -Generating unique operation named: editUsingGET_9
2020-08-20 09:39:19 -Generating unique operation named: listUsingGET_10
2020-08-20 09:39:19 -Generating unique operation named: removeUsingPOST_16
2020-08-20 09:39:19 -Generating unique operation named: removeUsingPOST_17
2020-08-20 09:39:19 -Generating unique operation named: saveUsingPOST_8
2020-08-20 09:39:19 -Generating unique operation named: updateUsingGET_6
2020-08-20 09:39:19 -Generating unique operation named: updateUsingHEAD_6
2020-08-20 09:39:19 -Generating unique operation named: updateUsingPOST_9
2020-08-20 09:39:19 -Generating unique operation named: updateUsingPUT_6
2020-08-20 09:39:19 -Generating unique operation named: updateUsingPATCH_6
2020-08-20 09:39:19 -Generating unique operation named: updateUsingDELETE_6
2020-08-20 09:39:19 -Generating unique operation named: updateUsingOPTIONS_6
2020-08-20 09:39:19 -Generating unique operation named: updateUsingTRACE_6
2020-08-20 09:39:19 -Generating unique operation named: addUsingGET_9
2020-08-20 09:39:19 -Generating unique operation named: batchRemoveUsingPOST_1
2020-08-20 09:39:19 -Generating unique operation named: editUsingGET_10
2020-08-20 09:39:19 -Generating unique operation named: listUsingGET_11
2020-08-20 09:39:19 -Generating unique operation named: saveUsingPOST_9
2020-08-20 09:39:19 -Generating unique operation named: saveUsingPOST_10
2020-08-20 09:39:19 -Generating unique operation named: updateUsingPOST_10
2020-08-20 09:39:19 -Generating unique operation named: updateEnableUsingGET_1
2020-08-20 09:39:19 -Generating unique operation named: updateEnableUsingHEAD_1
2020-08-20 09:39:19 -Generating unique operation named: updateEnableUsingPOST_1
2020-08-20 09:39:19 -Generating unique operation named: updateEnableUsingPUT_1
2020-08-20 09:39:19 -Generating unique operation named: updateEnableUsingPATCH_1
2020-08-20 09:39:19 -Generating unique operation named: updateEnableUsingDELETE_1
2020-08-20 09:39:19 -Generating unique operation named: updateEnableUsingOPTIONS_1
2020-08-20 09:39:19 -Generating unique operation named: updateEnableUsingTRACE_1
2020-08-20 09:39:19 -Generating unique operation named: listUsingGET_12
2020-08-20 09:39:19 -Generating unique operation named: listUsingHEAD_1
2020-08-20 09:39:19 -Generating unique operation named: listUsingPOST_1
2020-08-20 09:39:19 -Generating unique operation named: listUsingPUT_1
2020-08-20 09:39:19 -Generating unique operation named: listUsingPATCH_1
2020-08-20 09:39:19 -Generating unique operation named: listUsingDELETE_1
2020-08-20 09:39:19 -Generating unique operation named: listUsingOPTIONS_1
2020-08-20 09:39:19 -Generating unique operation named: listUsingTRACE_1
2020-08-20 09:39:19 -Generating unique operation named: addUsingGET_10
2020-08-20 09:39:19 -Generating unique operation named: batchRemoveUsingPOST_2
2020-08-20 09:39:19 -Generating unique operation named: editUsingGET_11
2020-08-20 09:39:19 -Generating unique operation named: listUsingGET_13
2020-08-20 09:39:19 -Generating unique operation named: removeUsingPOST_18
2020-08-20 09:39:19 -Generating unique operation named: saveUsingPOST_11
2020-08-20 09:39:19 -Generating unique operation named: treeUsingGET_3
2020-08-20 09:39:19 -Generating unique operation named: treeViewUsingGET_1
2020-08-20 09:39:19 -Generating unique operation named: updateUsingPOST_11
2020-08-20 09:39:19 -Generating unique operation named: addUsingGET_11
2020-08-20 09:39:19 -Generating unique operation named: editUsingGET_12
2020-08-20 09:39:19 -Generating unique operation named: listUsingGET_14
2020-08-20 09:39:19 -Generating unique operation named: removeUsingPOST_19
2020-08-20 09:39:19 -Generating unique operation named: removeUsingPOST_20
2020-08-20 09:39:19 -Generating unique operation named: saveUsingPOST_12
2020-08-20 09:39:19 -Generating unique operation named: updateUsingGET_7
2020-08-20 09:39:19 -Generating unique operation named: updateUsingHEAD_7
2020-08-20 09:39:19 -Generating unique operation named: updateUsingPOST_12
2020-08-20 09:39:19 -Generating unique operation named: updateUsingPUT_7
2020-08-20 09:39:19 -Generating unique operation named: updateUsingPATCH_7
2020-08-20 09:39:19 -Generating unique operation named: updateUsingDELETE_7
2020-08-20 09:39:19 -Generating unique operation named: updateUsingOPTIONS_7
2020-08-20 09:39:19 -Generating unique operation named: updateUsingTRACE_7
2020-08-20 09:39:19 -Starting Quartz Scheduler now
2020-08-20 09:39:19 -Scheduler schedulerFactoryBean_$_NON_CLUSTERED started.
2020-08-20 09:39:19 -Starting...
2020-08-20 09:39:19 -BrokerAvailabilityEvent[available=true, SimpleBrokerMessageHandler [DefaultSubscriptionRegistry[cache[0 destination(s)], registry[0 sessions]]]]
2020-08-20 09:39:19 -Started.
2020-08-20 09:39:19 -Initializing ProtocolHandler ["http-nio-8066"]
2020-08-20 09:39:19 -Starting ProtocolHandler ["http-nio-8066"]
2020-08-20 09:39:19 -Using a shared selector for servlet write/read
2020-08-20 09:39:19 -Tomcat started on port(s): 8066 (http)
2020-08-20 09:39:19 -Started BootdoApplication in 87.916 seconds (JVM running for 123.474)
2020-08-20 09:40:16 -WebSocketSession[0 current WS(0)-HttpStream(0)-HttpPoll(0), 0 total, 0 closed abnormally (0 connect failure, 0 send limit, 0 transport error)], stompSubProtocol[processed CONNECT(0)-CONNECTED(0)-DISCONNECT(0)], stompBrokerRelay[null], inboundChannel[pool size = 0, active threads = 0, queued tasks = 0, completed tasks = 0], outboundChannelpool size = 0, active threads = 0, queued tasks = 0, completed tasks = 0], sockJsScheduler[pool size = 1, active threads = 1, queued tasks = 0, completed tasks = 0]
2020-08-20 10:10:16 -WebSocketSession[0 current WS(0)-HttpStream(0)-HttpPoll(0), 0 total, 0 closed abnormally (0 connect failure, 0 send limit, 0 transport error)], stompSubProtocol[processed CONNECT(0)-CONNECTED(0)-DISCONNECT(0)], stompBrokerRelay[null], inboundChannel[pool size = 0, active threads = 0, queued tasks = 0, completed tasks = 0], outboundChannelpool size = 0, active threads = 0, queued tasks = 0, completed tasks = 0], sockJsScheduler[pool size = 2, active threads = 1, queued tasks = 0, completed tasks = 1]
